<?xml version="1.0" encoding="UTF-8"?>
<robot generator="Robot 5.0.1 (Python 3.9.13 on win32)" generated="20230313 13:56:38.795" rpa="true" schemaversion="3">
<suite id="s1" name="Robotorder" source="C:\Users\ArttuMalmivirta\OneDrive - Digital Workforce\Robocorp\robotorder">
<suite id="s1-s1" name="Tasks" source="C:\Users\ArttuMalmivirta\OneDrive - Digital Workforce\Robocorp\robotorder\tasks.robot">
<test id="s1-s1-t1" name="Robot Orders" line="22">
<kw name="Launch Browser">
<arg>${robotordersurl}</arg>
<kw name="Open Available Browser" library="RPA.Browser.Selenium">
<arg>${url}</arg>
<arg>maximized=${TRUE}</arg>
<doc>Attempts to open a browser on the user's device from a set of
supported browsers. Automatically downloads a corresponding webdriver
if none is already installed.</doc>
<msg timestamp="20230313 13:56:55.086" level="INFO">Creating an instance of the Chrome WebDriver.</msg>
<msg timestamp="20230313 13:56:55.103" level="INFO">====== WebDriver manager ======</msg>
<msg timestamp="20230313 13:57:03.306" level="INFO">Creating an instance of the Chrome WebDriver.</msg>
<msg timestamp="20230313 13:57:04.917" level="INFO">Created Chrome browser with arguments: --start-maximized --disable-dev-shm-usage --disable-web-security --allow-running-insecure-content --no-sandbox</msg>
<msg timestamp="20230313 13:57:04.917" level="INFO" html="true">&lt;p&gt;Attempted combinations:&lt;/p&gt;&lt;div class="doc"&gt;&lt;table&gt;&lt;tr&gt;&lt;th&gt;Browser&lt;/th&gt;&lt;th&gt;Download&lt;/th&gt;&lt;th&gt;Error&lt;/th&gt;&lt;/tr&gt;&lt;tr&gt;&lt;td&gt;Chrome&lt;/td&gt;&lt;td&gt;False&lt;/td&gt;&lt;td&gt;Message: 'chromedriver' executable needs to be in PATH. Please see https://chromedriver.chromium.org/home
&lt;/td&gt;&lt;/tr&gt;&lt;tr&gt;&lt;td&gt;Chrome&lt;/td&gt;&lt;td&gt;True&lt;/td&gt;&lt;td&gt;&lt;/td&gt;&lt;/tr&gt;&lt;/table&gt;&lt;/div&gt;</msg>
<msg timestamp="20230313 13:57:04.918" level="INFO">Opening url 'https://robotsparebinindustries.com/#/robot-order'</msg>
<status status="PASS" starttime="20230313 13:56:55.082" endtime="20230313 13:57:05.837"/>
</kw>
<kw name="Wait Until Element Is Visible" library="RPA.Browser.Selenium">
<arg>alias:Modalheader</arg>
<arg>5</arg>
<doc>Waits until the element ``locator`` is visible.</doc>
<status status="PASS" starttime="20230313 13:57:05.838" endtime="20230313 13:57:06.242"/>
</kw>
<kw name="Click Button" library="RPA.Browser.Selenium">
<arg>OK</arg>
<doc>Clicks the button identified by ``locator``.</doc>
<msg timestamp="20230313 13:57:06.244" level="INFO">Clicking button 'OK'.</msg>
<status status="PASS" starttime="20230313 13:57:06.243" endtime="20230313 13:57:06.347"/>
</kw>
<kw name="Wait Until Element Is Not Visible" library="RPA.Browser.Selenium">
<arg>alias:Modalheader</arg>
<arg>30</arg>
<doc>Waits until the element ``locator`` is not visible.</doc>
<status status="PASS" starttime="20230313 13:57:06.348" endtime="20230313 13:57:06.389"/>
</kw>
<status status="PASS" starttime="20230313 13:56:55.079" endtime="20230313 13:57:06.390"/>
</kw>
<kw name="Set Variable" library="BuiltIn">
<var>${pdffolder}</var>
<arg>${robotroot}pdfs${/}</arg>
<doc>Returns the given values which can then be assigned to a variables.</doc>
<msg timestamp="20230313 13:57:06.391" level="INFO">${pdffolder} = C:/Users/ArttuMalmivirta/OneDrive - Digital Workforce/Robocorp/robotorder/pdfs\</msg>
<status status="PASS" starttime="20230313 13:57:06.390" endtime="20230313 13:57:06.391"/>
</kw>
<kw name="Set Variable" library="BuiltIn">
<var>${zippath}</var>
<arg>${robotroot}zippedpdfs.zip</arg>
<doc>Returns the given values which can then be assigned to a variables.</doc>
<msg timestamp="20230313 13:57:06.393" level="INFO">${zippath} = C:/Users/ArttuMalmivirta/OneDrive - Digital Workforce/Robocorp/robotorder/zippedpdfs.zip</msg>
<status status="PASS" starttime="20230313 13:57:06.392" endtime="20230313 13:57:06.393"/>
</kw>
<kw name="Handle All Orders">
<arg>${orderscsvfilepath}</arg>
<arg>orderscsvurl=${ordersfileurl}</arg>
<arg>pdffolder=${pdffolder}</arg>
<kw name="Download Orders File">
<arg>${orderscsvurl}</arg>
<arg>targetfilepath=${csvfilepath}</arg>
<kw name="Download" library="RPA.HTTP">
<arg>${ordersurl}</arg>
<arg>${targetfilepath}</arg>
<arg>overwrite=${TRUE}</arg>
<doc>An alias for the ``HTTP Get`` keyword.</doc>
<msg timestamp="20230313 13:57:06.399" level="INFO">Creating a new HTTP session</msg>
<msg timestamp="20230313 13:57:06.399" level="INFO">Creating Session using : alias=rpasession_alias.httpsrobotsparebinindustries.com, url=https://robotsparebinindustries.com, headers={},                     cookies={}, auth=None, timeout=None, proxies=None, verify=True,                     debug=0 </msg>
<status status="PASS" starttime="20230313 13:57:06.397" endtime="20230313 13:57:07.597"/>
</kw>
<kw name="Read table from CSV" library="RPA.Tables">
<var>${orders}</var>
<arg>${targetfilepath}</arg>
<doc>Read a CSV file as a table.</doc>
<msg timestamp="20230313 13:57:07.615" level="INFO">${orders} = Table(columns=['Order number', 'Head', 'Body', 'Legs', 'Address'], rows=20)</msg>
<status status="PASS" starttime="20230313 13:57:07.599" endtime="20230313 13:57:07.615"/>
</kw>
<kw name="Set Variable" library="BuiltIn">
<var>${orders}</var>
<doc>Returns the given values which can then be assigned to a variables.</doc>
<msg timestamp="20230313 13:57:07.618" level="INFO">${orders} = </msg>
<status status="PASS" starttime="20230313 13:57:07.617" endtime="20230313 13:57:07.618"/>
</kw>
<status status="PASS" starttime="20230313 13:57:06.396" endtime="20230313 13:57:07.619"/>
</kw>
<kw name="Read table from CSV" library="RPA.Tables">
<var>${orders}</var>
<arg>${csvfilepath}</arg>
<arg>${TRUE}</arg>
<doc>Read a CSV file as a table.</doc>
<msg timestamp="20230313 13:57:07.627" level="INFO">${orders} = Table(columns=['Order number', 'Head', 'Body', 'Legs', 'Address'], rows=20)</msg>
<status status="PASS" starttime="20230313 13:57:07.621" endtime="20230313 13:57:07.627"/>
</kw>
<kw name="Log" library="BuiltIn">
<arg>${orders}</arg>
<doc>Logs the given message with the given level.</doc>
<msg timestamp="20230313 13:57:07.630" level="INFO">Table(columns=['Order number', 'Head', 'Body', 'Legs', 'Address'], rows=20)</msg>
<status status="PASS" starttime="20230313 13:57:07.628" endtime="20230313 13:57:07.630"/>
</kw>
<kw name="Set Variable" library="BuiltIn">
<var>${screenshotfilepath}</var>
<arg>${outputfolder}/testi.png</arg>
<doc>Returns the given values which can then be assigned to a variables.</doc>
<msg timestamp="20230313 13:57:07.632" level="INFO">${screenshotfilepath} = C:/Users/ArttuMalmivirta/OneDrive - Digital Workforce/Robocorp/robotorder/output//testi.png</msg>
<status status="PASS" starttime="20230313 13:57:07.631" endtime="20230313 13:57:07.632"/>
</kw>
<for flavor="IN">
<var>${order}</var>
<value>@{orders}</value>
<iter>
<var name="${order}">{'Order number': '1', 'Head': '1', 'Body': '2', 'Legs': '3', 'Address': 'Address 123'}</var>
<kw name="Build Robot">
<arg>${order}[Head]</arg>
<arg>bodynumber=${order}[Body]</arg>
<arg>legsnumber=${order}[Legs]</arg>
<arg>address=${order}[Address]</arg>
<kw name="Wait Until Element Is Visible" library="RPA.Browser.Selenium">
<arg>id:head</arg>
<arg>10</arg>
<doc>Waits until the element ``locator`` is visible.</doc>
<status status="PASS" starttime="20230313 13:57:07.641" endtime="20230313 13:57:07.680"/>
</kw>
<kw name="Is Element Visible" library="RPA.Browser.Selenium">
<var>${isrightsvisible}</var>
<arg>alias:Modalheader</arg>
<doc>Is element visible</doc>
<msg timestamp="20230313 13:57:07.712" level="INFO" html="true">Ran with keyword &lt;b&gt;Element Should Be Visible&lt;/b&gt; which returned error: &lt;i&gt;The element 'alias:Modalheader' should be visible, but it is not.&lt;/i&gt;</msg>
<msg timestamp="20230313 13:57:07.712" level="INFO">${isrightsvisible} = False</msg>
<status status="PASS" starttime="20230313 13:57:07.681" endtime="20230313 13:57:07.712"/>
</kw>
<if>
<branch type="IF" condition="$isrightsvisible">
<kw name="Click Button" library="RPA.Browser.Selenium">
<arg>OK</arg>
<doc>Clicks the button identified by ``locator``.</doc>
<status status="NOT RUN" starttime="20230313 13:57:07.725" endtime="20230313 13:57:07.726"/>
</kw>
<status status="NOT RUN" starttime="20230313 13:57:07.725" endtime="20230313 13:57:07.726"/>
</branch>
<status status="PASS" starttime="20230313 13:57:07.713" endtime="20230313 13:57:07.726"/>
</if>
<kw name="Read Model Name">
<var>${modelname}</var>
<arg>${headnumber}</arg>
<kw name="Is Element Visible" library="RPA.Browser.Selenium">
<var>${issmodelinfovisible}</var>
<arg>id:model-info</arg>
<doc>Is element visible</doc>
<msg timestamp="20230313 13:57:07.749" level="INFO" html="true">Ran with keyword &lt;b&gt;Element Should Be Visible&lt;/b&gt; which returned error: &lt;i&gt;Element with locator 'id:model-info' not found.&lt;/i&gt;</msg>
<msg timestamp="20230313 13:57:07.750" level="INFO">${issmodelinfovisible} = False</msg>
<status status="PASS" starttime="20230313 13:57:07.728" endtime="20230313 13:57:07.750"/>
</kw>
<if>
<branch type="IF" condition="$issmodelinfovisible is $false">
<kw name="Click Button" library="RPA.Browser.Selenium">
<arg>Show model info</arg>
<doc>Clicks the button identified by ``locator``.</doc>
<msg timestamp="20230313 13:57:07.754" level="INFO">Clicking button 'Show model info'.</msg>
<status status="PASS" starttime="20230313 13:57:07.753" endtime="20230313 13:57:07.829"/>
</kw>
<status status="PASS" starttime="20230313 13:57:07.752" endtime="20230313 13:57:07.829"/>
</branch>
<status status="PASS" starttime="20230313 13:57:07.751" endtime="20230313 13:57:07.829"/>
</if>
<kw name="Wait Until Element Is Visible" library="RPA.Browser.Selenium">
<arg>id:model-info</arg>
<arg>10</arg>
<doc>Waits until the element ``locator`` is visible.</doc>
<status status="PASS" starttime="20230313 13:57:07.830" endtime="20230313 13:57:07.856"/>
</kw>
<kw name="Convert To Integer" library="BuiltIn">
<var>${partnumberint}</var>
<arg>${partnumber}</arg>
<doc>Converts the given item to an integer number.</doc>
<msg timestamp="20230313 13:57:07.858" level="INFO">${partnumberint} = 1</msg>
<status status="PASS" starttime="20230313 13:57:07.857" endtime="20230313 13:57:07.858"/>
</kw>
<kw name="Set Variable" library="BuiltIn">
<var>${partnumberint}</var>
<arg>${${partnumberint}+1}</arg>
<doc>Returns the given values which can then be assigned to a variables.</doc>
<msg timestamp="20230313 13:57:07.864" level="INFO">${partnumberint} = 2</msg>
<status status="PASS" starttime="20230313 13:57:07.859" endtime="20230313 13:57:07.864"/>
</kw>
<kw name="Get Table Cell" library="RPA.Browser.Selenium">
<var>${modelname}</var>
<arg>id:model-info</arg>
<arg>${partnumberint}</arg>
<arg>1</arg>
<doc>Returns contents of a table cell.</doc>
<msg timestamp="20230313 13:57:07.983" level="INFO">${modelname} = Roll-a-thor</msg>
<status status="PASS" starttime="20230313 13:57:07.865" endtime="20230313 13:57:07.984"/>
</kw>
<return>
<value>${modelname}</value>
<status status="PASS" starttime="20230313 13:57:07.985" endtime="20230313 13:57:07.986"/>
</return>
<msg timestamp="20230313 13:57:07.987" level="INFO">${modelname} = Roll-a-thor</msg>
<status status="PASS" starttime="20230313 13:57:07.726" endtime="20230313 13:57:07.987"/>
</kw>
<kw name="Get List Items" library="RPA.Browser.Selenium">
<var>${headlist}</var>
<arg>id:head</arg>
<arg>${FALSE}</arg>
<doc>Returns all labels or values of selection list ``locator``.</doc>
<msg timestamp="20230313 13:57:08.162" level="INFO">${headlist} = ['-- Choose a head --', 'Roll-a-thor head', 'Peanut crusher head', 'D.A.V.E head', 'Andy Roid head', 'Spanner mate head', 'Drillbit 2000 head']</msg>
<status status="PASS" starttime="20230313 13:57:07.988" endtime="20230313 13:57:08.162"/>
</kw>
<kw name="Log List" library="Collections">
<arg>${headlist}</arg>
<doc>Logs the length and contents of the ``list`` using given ``level``.</doc>
<msg timestamp="20230313 13:57:08.163" level="INFO">List length is 7 and it contains following items:
0: -- Choose a head --
1: Roll-a-thor head
2: Peanut crusher head
3: D.A.V.E head
4: Andy Roid head
5: Spanner mate head
6: Drillbit 2000 head</msg>
<status status="PASS" starttime="20230313 13:57:08.162" endtime="20230313 13:57:08.163"/>
</kw>
<kw name="Select From List By Label" library="RPA.Browser.Selenium">
<arg>id:head</arg>
<arg>${modelname} head</arg>
<doc>Selects options from selection list ``locator`` by ``labels``.</doc>
<msg timestamp="20230313 13:57:08.165" level="INFO">Selecting options from selection list 'id:head' by label Roll-a-thor head.</msg>
<status status="PASS" starttime="20230313 13:57:08.164" endtime="20230313 13:57:08.256"/>
</kw>
<kw name="Select Radio Button" library="RPA.Browser.Selenium">
<arg>body</arg>
<arg>${bodynumber}</arg>
<doc>Sets the radio button group ``group_name`` to ``value``.</doc>
<msg timestamp="20230313 13:57:08.260" level="INFO">Selecting '2' from radio button 'body'.</msg>
<status status="PASS" starttime="20230313 13:57:08.258" endtime="20230313 13:57:08.343"/>
</kw>
<kw name="Input Text" library="RPA.Browser.Selenium">
<arg>xpath://html/body/div/div/div[1]/div/div[1]/form/div[3]/input</arg>
<arg>${legsnumber}</arg>
<doc>Types the given ``text`` into the text field identified by ``locator``.</doc>
<msg timestamp="20230313 13:57:08.344" level="INFO">Typing text '3' into text field 'xpath://html/body/div/div/div[1]/div/div[1]/form/div[3]/input'.</msg>
<status status="PASS" starttime="20230313 13:57:08.343" endtime="20230313 13:57:08.441"/>
</kw>
<kw name="Input Text" library="RPA.Browser.Selenium">
<arg>id:address</arg>
<arg>${address}</arg>
<doc>Types the given ``text`` into the text field identified by ``locator``.</doc>
<msg timestamp="20230313 13:57:08.443" level="INFO">Typing text 'Address 123' into text field 'id:address'.</msg>
<status status="PASS" starttime="20230313 13:57:08.442" endtime="20230313 13:57:08.553"/>
</kw>
<kw name="Click Button" library="RPA.Browser.Selenium">
<arg>id:preview</arg>
<doc>Clicks the button identified by ``locator``.</doc>
<msg timestamp="20230313 13:57:08.556" level="INFO">Clicking button 'id:preview'.</msg>
<status status="PASS" starttime="20230313 13:57:08.555" endtime="20230313 13:57:08.657"/>
</kw>
<kw name="Wait Until Element Is Visible" library="RPA.Browser.Selenium">
<arg>id:robot-preview-image</arg>
<arg>5</arg>
<doc>Waits until the element ``locator`` is visible.</doc>
<status status="PASS" starttime="20230313 13:57:08.658" endtime="20230313 13:57:08.689"/>
</kw>
<kw name="Set Variable" library="BuiltIn">
<var>${counter}</var>
<arg>0</arg>
<doc>Returns the given values which can then be assigned to a variables.</doc>
<msg timestamp="20230313 13:57:08.691" level="INFO">${counter} = 0</msg>
<status status="PASS" starttime="20230313 13:57:08.689" endtime="20230313 13:57:08.691"/>
</kw>
<kw name="Convert To Integer" library="BuiltIn">
<var>${counterint}</var>
<arg>${counter}</arg>
<doc>Converts the given item to an integer number.</doc>
<msg timestamp="20230313 13:57:08.692" level="INFO">${counterint} = 0</msg>
<status status="PASS" starttime="20230313 13:57:08.691" endtime="20230313 13:57:08.692"/>
</kw>
<while condition="$counterint &lt; 5">
<iter>
<kw name="Set Variable" library="BuiltIn">
<var>${counterint}</var>
<arg>${${counterint}+1}</arg>
<doc>Returns the given values which can then be assigned to a variables.</doc>
<msg timestamp="20230313 13:57:08.696" level="INFO">${counterint} = 1</msg>
<status status="PASS" starttime="20230313 13:57:08.693" endtime="20230313 13:57:08.697"/>
</kw>
<kw name="Click Button" library="RPA.Browser.Selenium">
<arg>id:order</arg>
<doc>Clicks the button identified by ``locator``.</doc>
<msg timestamp="20230313 13:57:08.701" level="INFO">Clicking button 'id:order'.</msg>
<status status="PASS" starttime="20230313 13:57:08.699" endtime="20230313 13:57:08.777"/>
</kw>
<kw name="Sleep" library="BuiltIn">
<arg>2</arg>
<doc>Pauses the test executed for the given time.</doc>
<msg timestamp="20230313 13:57:10.794" level="INFO">Slept 2 seconds</msg>
<status status="PASS" starttime="20230313 13:57:08.778" endtime="20230313 13:57:10.794"/>
</kw>
<kw name="Is Element Visible" library="RPA.Browser.Selenium">
<var>${success}</var>
<arg>id:order-completion</arg>
<doc>Is element visible</doc>
<msg timestamp="20230313 13:57:10.834" level="INFO">Element 'id:order-completion' is displayed.</msg>
<msg timestamp="20230313 13:57:10.835" level="INFO">${success} = True</msg>
<status status="PASS" starttime="20230313 13:57:10.796" endtime="20230313 13:57:10.835"/>
</kw>
<if>
<branch type="IF" condition="$success">
<break>
<status status="PASS" starttime="20230313 13:57:10.837" endtime="20230313 13:57:10.838"/>
</break>
<status status="PASS" starttime="20230313 13:57:10.837" endtime="20230313 13:57:10.838"/>
</branch>
<status status="PASS" starttime="20230313 13:57:10.836" endtime="20230313 13:57:10.839"/>
</if>
<status status="PASS" starttime="20230313 13:57:08.693" endtime="20230313 13:57:10.839"/>
</iter>
<status status="PASS" starttime="20230313 13:57:08.692" endtime="20230313 13:57:10.840"/>
</while>
<status status="PASS" starttime="20230313 13:57:07.635" endtime="20230313 13:57:10.841"/>
</kw>
<kw name="Set Variable" library="BuiltIn">
<var>${ordernumber}</var>
<arg>${order}[Order number]</arg>
<doc>Returns the given values which can then be assigned to a variables.</doc>
<msg timestamp="20230313 13:57:10.844" level="INFO">${ordernumber} = 1</msg>
<status status="PASS" starttime="20230313 13:57:10.842" endtime="20230313 13:57:10.844"/>
</kw>
<kw name="Set Variable" library="BuiltIn">
<var>${fileextension}</var>
<arg>.pdf</arg>
<doc>Returns the given values which can then be assigned to a variables.</doc>
<msg timestamp="20230313 13:57:10.847" level="INFO">${fileextension} = .pdf</msg>
<status status="PASS" starttime="20230313 13:57:10.845" endtime="20230313 13:57:10.847"/>
</kw>
<kw name="Set Variable" library="BuiltIn">
<var>${pdffilepath}</var>
<arg>${pdffolder}${ordernumber}${fileextension}</arg>
<doc>Returns the given values which can then be assigned to a variables.</doc>
<msg timestamp="20230313 13:57:10.850" level="INFO">${pdffilepath} = C:/Users/ArttuMalmivirta/OneDrive - Digital Workforce/Robocorp/robotorder/pdfs\1.pdf</msg>
<status status="PASS" starttime="20230313 13:57:10.848" endtime="20230313 13:57:10.850"/>
</kw>
<kw name="Create Pdf">
<arg>${screenshotfilepath}</arg>
<arg>pdffilepath=${pdffilepath}</arg>
<kw name="Scroll Element Into View" library="RPA.Browser.Selenium">
<arg>id:robot-preview-image</arg>
<doc>Scrolls the element identified by ``locator`` into view.</doc>
<status status="PASS" starttime="20230313 13:57:10.854" endtime="20230313 13:57:11.136"/>
</kw>
<kw name="Capture Element Screenshot" library="RPA.Browser.Selenium">
<arg>id:robot-preview-image</arg>
<arg>${screenshotfilepath}</arg>
<doc>Captures a screenshot from the element identified by ``locator`` and embeds it into log file.</doc>
<msg timestamp="20230313 13:57:11.306" level="INFO" html="true">&lt;/td&gt;&lt;/tr&gt;&lt;tr&gt;&lt;td colspan="3"&gt;&lt;a href="testi.png"&gt;&lt;img src="testi.png" width="400px"&gt;&lt;/a&gt;</msg>
<status status="PASS" starttime="20230313 13:57:11.137" endtime="20230313 13:57:11.307"/>
</kw>
<kw name="Sleep" library="BuiltIn">
<arg>1</arg>
<doc>Pauses the test executed for the given time.</doc>
<msg timestamp="20230313 13:57:12.319" level="INFO">Slept 1 second</msg>
<status status="PASS" starttime="20230313 13:57:11.307" endtime="20230313 13:57:12.320"/>
</kw>
<kw name="Does File Exist" library="RPA.FileSystem">
<var>${exists}</var>
<arg>${screenshotfilepath}</arg>
<doc>Returns True if the given file exists, False if not.</doc>
<msg timestamp="20230313 13:57:12.329" level="INFO">${exists} = True</msg>
<status status="PASS" starttime="20230313 13:57:12.321" endtime="20230313 13:57:12.329"/>
</kw>
<if>
<branch type="IF" condition="$exists">
<kw name="Get Element Attribute" library="RPA.Browser.Selenium">
<var>${outerhtml}</var>
<arg>id:receipt</arg>
<arg>outerHTML</arg>
<doc>Returns the value of ``attribute`` from the element ``locator``.</doc>
<msg timestamp="20230313 13:57:12.381" level="INFO">${outerhtml} = &lt;div id="receipt" class="alert alert-success" role="alert"&gt;&lt;h3&gt;Receipt&lt;/h3&gt;&lt;div&gt;2023-03-13T11:57:08.770Z&lt;/div&gt;&lt;p class="badge badge-success"&gt;RSB-ROBO-ORDER-ND2BGM1WNO&lt;/p&gt;&lt;p&gt;Address 123&lt;/p&gt;&lt;div id="par...</msg>
<status status="PASS" starttime="20230313 13:57:12.331" endtime="20230313 13:57:12.381"/>
</kw>
<kw name="Html To Pdf" library="RPA.PDF">
<arg>${outerhtml}</arg>
<arg>${pdffilepath}</arg>
<doc>Generate a PDF file from HTML content.</doc>
<msg timestamp="20230313 13:57:12.386" level="INFO">Writing output to file C:\Users\ArttuMalmivirta\OneDrive - Digital Workforce\Robocorp\robotorder\pdfs\1.pdf</msg>
<msg timestamp="20230313 13:57:12.929" level="INFO">maxp pruned</msg>
<msg timestamp="20230313 13:57:12.931" level="INFO">cmap pruned</msg>
<msg timestamp="20230313 13:57:12.942" level="INFO">post pruned</msg>
<msg timestamp="20230313 13:57:12.950" level="INFO">GDEF dropped</msg>
<msg timestamp="20230313 13:57:12.951" level="INFO">GPOS dropped</msg>
<msg timestamp="20230313 13:57:12.951" level="INFO">GSUB dropped</msg>
<msg timestamp="20230313 13:57:12.958" level="INFO">name pruned</msg>
<msg timestamp="20230313 13:57:12.976" level="INFO">glyf pruned</msg>
<msg timestamp="20230313 13:57:12.978" level="INFO">Added gid0 to subset</msg>
<msg timestamp="20230313 13:57:12.978" level="INFO">Added first four glyphs to subset</msg>
<msg timestamp="20230313 13:57:12.978" level="INFO">Closing glyph list over 'glyf': 58 glyphs before</msg>
<msg timestamp="20230313 13:57:12.979" level="INFO">Glyph names: ['.notdef', '.null', 'uni0020', 'uni0021', 'uni002D', 'uni002E', 'uni0030', 'uni0031', 'uni0032', 'uni0033', 'uni0034', 'uni0035', 'uni0036', 'uni0037', 'uni0038', 'uni0039', 'uni003A', 'uni0041', 'uni0042', 'uni0044', 'uni0045', 'uni0047', 'uni0048', 'uni004C', 'uni004D', 'uni004E', 'uni004F', 'uni0052', 'uni0053', 'uni0054', 'uni0057', 'uni0059', 'uni005A', 'uni0061', 'uni0062', 'uni0063', 'uni0064', 'uni0065', 'uni0066', 'uni0067', 'uni0068', 'uni0069', 'uni006B', 'uni006C', 'uni006D', 'uni006E', 'uni006F', 'uni0070', 'uni0072', 'uni0073', 'uni0074', 'uni0075', 'uni0076', 'uni0077', 'uni0079', 'uni007B', 'uni007D', 'uni00C4']</msg>
<msg timestamp="20230313 13:57:12.980" level="INFO">Glyph IDs:   [0, 1, 2, 3, 65, 84, 95, 141, 161, 280, 291, 299, 320, 382, 395, 409, 456, 469, 493, 504, 575, 582, 594, 612, 645, 650, 660, 679, 715, 723, 752, 759, 775, 827, 837, 867, 884, 899, 932, 936, 950, 1294, 1295, 1296, 1298, 1299, 1300, 1302, 1303, 1304, 1305, 1329, 1345, 1346, 1361, 1404, 1407, 1681]</msg>
<msg timestamp="20230313 13:57:12.981" level="INFO">Closed glyph list over 'glyf': 58 glyphs after</msg>
<msg timestamp="20230313 13:57:12.981" level="INFO">Glyph names: ['.notdef', '.null', 'uni0020', 'uni0021', 'uni002D', 'uni002E', 'uni0030', 'uni0031', 'uni0032', 'uni0033', 'uni0034', 'uni0035', 'uni0036', 'uni0037', 'uni0038', 'uni0039', 'uni003A', 'uni0041', 'uni0042', 'uni0044', 'uni0045', 'uni0047', 'uni0048', 'uni004C', 'uni004D', 'uni004E', 'uni004F', 'uni0052', 'uni0053', 'uni0054', 'uni0057', 'uni0059', 'uni005A', 'uni0061', 'uni0062', 'uni0063', 'uni0064', 'uni0065', 'uni0066', 'uni0067', 'uni0068', 'uni0069', 'uni006B', 'uni006C', 'uni006D', 'uni006E', 'uni006F', 'uni0070', 'uni0072', 'uni0073', 'uni0074', 'uni0075', 'uni0076', 'uni0077', 'uni0079', 'uni007B', 'uni007D', 'uni00C4']</msg>
<msg timestamp="20230313 13:57:12.982" level="INFO">Glyph IDs:   [0, 1, 2, 3, 65, 84, 95, 141, 161, 280, 291, 299, 320, 382, 395, 409, 456, 469, 493, 504, 575, 582, 594, 612, 645, 650, 660, 679, 715, 723, 752, 759, 775, 827, 837, 867, 884, 899, 932, 936, 950, 1294, 1295, 1296, 1298, 1299, 1300, 1302, 1303, 1304, 1305, 1329, 1345, 1346, 1361, 1404, 1407, 1681]</msg>
<msg timestamp="20230313 13:57:12.982" level="INFO">Retaining 58 glyphs</msg>
<msg timestamp="20230313 13:57:12.983" level="INFO">head subsetting not needed</msg>
<msg timestamp="20230313 13:57:12.984" level="INFO">hhea subsetting not needed</msg>
<msg timestamp="20230313 13:57:12.984" level="INFO">maxp subsetting not needed</msg>
<msg timestamp="20230313 13:57:12.985" level="INFO">OS/2 subsetting not needed</msg>
<msg timestamp="20230313 13:57:12.994" level="INFO">hmtx subsetted</msg>
<msg timestamp="20230313 13:57:13.002" level="INFO">cmap subsetted</msg>
<msg timestamp="20230313 13:57:13.003" level="INFO">prep subsetting not needed</msg>
<msg timestamp="20230313 13:57:13.003" level="INFO">loca subsetting not needed</msg>
<msg timestamp="20230313 13:57:13.004" level="INFO">post subsetted</msg>
<msg timestamp="20230313 13:57:13.005" level="INFO">gasp subsetting not needed</msg>
<msg timestamp="20230313 13:57:13.005" level="INFO">STAT subsetting not needed</msg>
<msg timestamp="20230313 13:57:13.006" level="INFO">name subsetting not needed</msg>
<msg timestamp="20230313 13:57:13.010" level="INFO">glyf subsetted</msg>
<msg timestamp="20230313 13:57:13.012" level="INFO">head pruned</msg>
<msg timestamp="20230313 13:57:13.014" level="INFO">OS/2 Unicode ranges pruned: [0]</msg>
<msg timestamp="20230313 13:57:13.019" level="INFO">glyf pruned</msg>
<msg timestamp="20230313 13:57:13.158" level="INFO">maxp pruned</msg>
<msg timestamp="20230313 13:57:13.159" level="INFO">cmap pruned</msg>
<msg timestamp="20230313 13:57:13.159" level="INFO">post pruned</msg>
<msg timestamp="20230313 13:57:13.159" level="INFO">GDEF dropped</msg>
<msg timestamp="20230313 13:57:13.161" level="INFO">GPOS dropped</msg>
<msg timestamp="20230313 13:57:13.161" level="INFO">GSUB dropped</msg>
<msg timestamp="20230313 13:57:13.165" level="INFO">name pruned</msg>
<msg timestamp="20230313 13:57:13.181" level="INFO">glyf pruned</msg>
<msg timestamp="20230313 13:57:13.183" level="INFO">Added gid0 to subset</msg>
<msg timestamp="20230313 13:57:13.183" level="INFO">Added first four glyphs to subset</msg>
<msg timestamp="20230313 13:57:13.184" level="INFO">Closing glyph list over 'glyf': 19 glyphs before</msg>
<msg timestamp="20230313 13:57:13.184" level="INFO">Glyph names: ['.notdef', '.null', 'uni0020', 'uni0030', 'uni0031', 'uni0032', 'uni0033', 'uni0034', 'uni0035', 'uni0036', 'uni0037', 'uni0038', 'uni0039', 'uni0041', 'uni0062', 'uni006E', 'uni007B', 'uni007D', 'uni00C4']</msg>
<msg timestamp="20230313 13:57:13.185" level="INFO">Glyph IDs:   [0, 1, 2, 3, 575, 759, 1294, 1295, 1296, 1298, 1299, 1300, 1302, 1303, 1304, 1305, 1345, 1346, 1681]</msg>
<msg timestamp="20230313 13:57:13.186" level="INFO">Closed glyph list over 'glyf': 19 glyphs after</msg>
<msg timestamp="20230313 13:57:13.186" level="INFO">Glyph names: ['.notdef', '.null', 'uni0020', 'uni0030', 'uni0031', 'uni0032', 'uni0033', 'uni0034', 'uni0035', 'uni0036', 'uni0037', 'uni0038', 'uni0039', 'uni0041', 'uni0062', 'uni006E', 'uni007B', 'uni007D', 'uni00C4']</msg>
<msg timestamp="20230313 13:57:13.187" level="INFO">Glyph IDs:   [0, 1, 2, 3, 575, 759, 1294, 1295, 1296, 1298, 1299, 1300, 1302, 1303, 1304, 1305, 1345, 1346, 1681]</msg>
<msg timestamp="20230313 13:57:13.187" level="INFO">Retaining 19 glyphs</msg>
<msg timestamp="20230313 13:57:13.188" level="INFO">head subsetting not needed</msg>
<msg timestamp="20230313 13:57:13.189" level="INFO">hhea subsetting not needed</msg>
<msg timestamp="20230313 13:57:13.190" level="INFO">maxp subsetting not needed</msg>
<msg timestamp="20230313 13:57:13.190" level="INFO">OS/2 subsetting not needed</msg>
<msg timestamp="20230313 13:57:13.196" level="INFO">hmtx subsetted</msg>
<msg timestamp="20230313 13:57:13.200" level="INFO">cmap subsetted</msg>
<msg timestamp="20230313 13:57:13.200" level="INFO">prep subsetting not needed</msg>
<msg timestamp="20230313 13:57:13.200" level="INFO">loca subsetting not needed</msg>
<msg timestamp="20230313 13:57:13.202" level="INFO">post subsetted</msg>
<msg timestamp="20230313 13:57:13.202" level="INFO">gasp subsetting not needed</msg>
<msg timestamp="20230313 13:57:13.202" level="INFO">STAT subsetting not needed</msg>
<msg timestamp="20230313 13:57:13.203" level="INFO">name subsetting not needed</msg>
<msg timestamp="20230313 13:57:13.205" level="INFO">glyf subsetted</msg>
<msg timestamp="20230313 13:57:13.206" level="INFO">head pruned</msg>
<msg timestamp="20230313 13:57:13.207" level="INFO">OS/2 Unicode ranges pruned: [0]</msg>
<msg timestamp="20230313 13:57:13.210" level="INFO">glyf pruned</msg>
<msg timestamp="20230313 13:57:13.291" level="INFO">maxp pruned</msg>
<msg timestamp="20230313 13:57:13.292" level="INFO">cmap pruned</msg>
<msg timestamp="20230313 13:57:13.292" level="INFO">post pruned</msg>
<msg timestamp="20230313 13:57:13.293" level="INFO">GDEF dropped</msg>
<msg timestamp="20230313 13:57:13.293" level="INFO">GPOS dropped</msg>
<msg timestamp="20230313 13:57:13.294" level="INFO">GSUB dropped</msg>
<msg timestamp="20230313 13:57:13.295" level="INFO">name pruned</msg>
<msg timestamp="20230313 13:57:13.313" level="INFO">glyf pruned</msg>
<msg timestamp="20230313 13:57:13.328" level="INFO">Added gid0 to subset</msg>
<msg timestamp="20230313 13:57:13.328" level="INFO">Added first four glyphs to subset</msg>
<msg timestamp="20230313 13:57:13.329" level="INFO">Closing glyph list over 'glyf': 18 glyphs before</msg>
<msg timestamp="20230313 13:57:13.329" level="INFO">Glyph names: ['.notdef', '.null', 'uni0020', 'uni0030', 'uni0031', 'uni0032', 'uni0033', 'uni0034', 'uni0035', 'uni0036', 'uni0037', 'uni0038', 'uni0039', 'uni0062', 'uni006E', 'uni007B', 'uni007D', 'uni00A0']</msg>
<msg timestamp="20230313 13:57:13.331" level="INFO">Glyph IDs:   [0, 1, 2, 3, 544, 727, 1256, 1257, 1258, 1260, 1261, 1262, 1264, 1265, 1266, 1267, 1307, 1308]</msg>
<msg timestamp="20230313 13:57:13.332" level="INFO">Closed glyph list over 'glyf': 18 glyphs after</msg>
<msg timestamp="20230313 13:57:13.332" level="INFO">Glyph names: ['.notdef', '.null', 'uni0020', 'uni0030', 'uni0031', 'uni0032', 'uni0033', 'uni0034', 'uni0035', 'uni0036', 'uni0037', 'uni0038', 'uni0039', 'uni0062', 'uni006E', 'uni007B', 'uni007D', 'uni00A0']</msg>
<msg timestamp="20230313 13:57:13.333" level="INFO">Glyph IDs:   [0, 1, 2, 3, 544, 727, 1256, 1257, 1258, 1260, 1261, 1262, 1264, 1265, 1266, 1267, 1307, 1308]</msg>
<msg timestamp="20230313 13:57:13.334" level="INFO">Retaining 18 glyphs</msg>
<msg timestamp="20230313 13:57:13.335" level="INFO">head subsetting not needed</msg>
<msg timestamp="20230313 13:57:13.336" level="INFO">hhea subsetting not needed</msg>
<msg timestamp="20230313 13:57:13.336" level="INFO">maxp subsetting not needed</msg>
<msg timestamp="20230313 13:57:13.337" level="INFO">OS/2 subsetting not needed</msg>
<msg timestamp="20230313 13:57:13.344" level="INFO">hmtx subsetted</msg>
<msg timestamp="20230313 13:57:13.348" level="INFO">cmap subsetted</msg>
<msg timestamp="20230313 13:57:13.348" level="INFO">loca subsetting not needed</msg>
<msg timestamp="20230313 13:57:13.349" level="INFO">post subsetted</msg>
<msg timestamp="20230313 13:57:13.350" level="INFO">name subsetting not needed</msg>
<msg timestamp="20230313 13:57:13.354" level="INFO">glyf subsetted</msg>
<msg timestamp="20230313 13:57:13.356" level="INFO">head pruned</msg>
<msg timestamp="20230313 13:57:13.357" level="INFO">OS/2 Unicode ranges pruned: [0]</msg>
<msg timestamp="20230313 13:57:13.360" level="INFO">glyf pruned</msg>
<msg timestamp="20230313 13:57:13.436" level="INFO">maxp pruned</msg>
<msg timestamp="20230313 13:57:13.438" level="INFO">cmap pruned</msg>
<msg timestamp="20230313 13:57:13.438" level="INFO">post pruned</msg>
<msg timestamp="20230313 13:57:13.439" level="INFO">GDEF dropped</msg>
<msg timestamp="20230313 13:57:13.439" level="INFO">GPOS dropped</msg>
<msg timestamp="20230313 13:57:13.439" level="INFO">GSUB dropped</msg>
<msg timestamp="20230313 13:57:13.441" level="INFO">name pruned</msg>
<msg timestamp="20230313 13:57:13.457" level="INFO">glyf pruned</msg>
<msg timestamp="20230313 13:57:13.465" level="INFO">Added gid0 to subset</msg>
<msg timestamp="20230313 13:57:13.466" level="INFO">Added first four glyphs to subset</msg>
<msg timestamp="20230313 13:57:13.466" level="INFO">Closing glyph list over 'glyf': 18 glyphs before</msg>
<msg timestamp="20230313 13:57:13.466" level="INFO">Glyph names: ['.notdef', '.null', 'uni0020', 'uni0030', 'uni0031', 'uni0032', 'uni0033', 'uni0034', 'uni0035', 'uni0036', 'uni0037', 'uni0038', 'uni0039', 'uni0062', 'uni006E', 'uni007B', 'uni007D', 'uni00A0']</msg>
<msg timestamp="20230313 13:57:13.468" level="INFO">Glyph IDs:   [0, 1, 2, 3, 544, 727, 1256, 1257, 1258, 1260, 1261, 1262, 1264, 1265, 1266, 1267, 1307, 1308]</msg>
<msg timestamp="20230313 13:57:13.468" level="INFO">Closed glyph list over 'glyf': 18 glyphs after</msg>
<msg timestamp="20230313 13:57:13.468" level="INFO">Glyph names: ['.notdef', '.null', 'uni0020', 'uni0030', 'uni0031', 'uni0032', 'uni0033', 'uni0034', 'uni0035', 'uni0036', 'uni0037', 'uni0038', 'uni0039', 'uni0062', 'uni006E', 'uni007B', 'uni007D', 'uni00A0']</msg>
<msg timestamp="20230313 13:57:13.469" level="INFO">Glyph IDs:   [0, 1, 2, 3, 544, 727, 1256, 1257, 1258, 1260, 1261, 1262, 1264, 1265, 1266, 1267, 1307, 1308]</msg>
<msg timestamp="20230313 13:57:13.469" level="INFO">Retaining 18 glyphs</msg>
<msg timestamp="20230313 13:57:13.471" level="INFO">head subsetting not needed</msg>
<msg timestamp="20230313 13:57:13.471" level="INFO">hhea subsetting not needed</msg>
<msg timestamp="20230313 13:57:13.472" level="INFO">maxp subsetting not needed</msg>
<msg timestamp="20230313 13:57:13.472" level="INFO">OS/2 subsetting not needed</msg>
<msg timestamp="20230313 13:57:13.477" level="INFO">hmtx subsetted</msg>
<msg timestamp="20230313 13:57:13.479" level="INFO">cmap subsetted</msg>
<msg timestamp="20230313 13:57:13.480" level="INFO">loca subsetting not needed</msg>
<msg timestamp="20230313 13:57:13.480" level="INFO">post subsetted</msg>
<msg timestamp="20230313 13:57:13.480" level="INFO">name subsetting not needed</msg>
<msg timestamp="20230313 13:57:13.483" level="INFO">glyf subsetted</msg>
<msg timestamp="20230313 13:57:13.483" level="INFO">head pruned</msg>
<msg timestamp="20230313 13:57:13.484" level="INFO">OS/2 Unicode ranges pruned: [0]</msg>
<msg timestamp="20230313 13:57:13.486" level="INFO">glyf pruned</msg>
<status status="PASS" starttime="20230313 13:57:12.382" endtime="20230313 13:57:13.529"/>
</kw>
<kw name="Create List" library="BuiltIn">
<var>${files}</var>
<arg>${screenshotfilepath}</arg>
<doc>Returns a list containing given items.</doc>
<msg timestamp="20230313 13:57:13.532" level="INFO">${files} = ['C:/Users/ArttuMalmivirta/OneDrive - Digital Workforce/Robocorp/robotorder/output//testi.png']</msg>
<status status="PASS" starttime="20230313 13:57:13.529" endtime="20230313 13:57:13.532"/>
</kw>
<kw name="Add Files To Pdf" library="RPA.PDF">
<arg>${files}</arg>
<arg>${pdffilepath}</arg>
<arg>${TRUE}</arg>
<doc>Add images and/or pdfs to new PDF document</doc>
<msg timestamp="20230313 13:57:13.724" level="INFO">Adding page: 0</msg>
<msg timestamp="20230313 13:57:13.731" level="WARN">Object 7 0 found</msg>
<msg timestamp="20230313 13:57:13.732" level="WARN">Overwriting cache for 0 7</msg>
<msg timestamp="20230313 13:57:13.737" level="WARN">Object 14 0 found</msg>
<msg timestamp="20230313 13:57:13.737" level="WARN">Overwriting cache for 0 14</msg>
<msg timestamp="20230313 13:57:13.742" level="WARN">Object 21 0 found</msg>
<msg timestamp="20230313 13:57:13.743" level="WARN">Overwriting cache for 0 21</msg>
<msg timestamp="20230313 13:57:13.748" level="WARN">Object 28 0 found</msg>
<msg timestamp="20230313 13:57:13.749" level="WARN">Overwriting cache for 0 28</msg>
<msg timestamp="20230313 13:57:13.751" level="INFO">File C:\Users\ArttuMalmivirta\OneDrive - Digital Workforce\Robocorp\robotorder\output\testi.png type: png</msg>
<msg timestamp="20230313 13:57:13.751" level="INFO">Image parameters: {}</msg>
<status status="PASS" starttime="20230313 13:57:13.534" endtime="20230313 13:57:14.276"/>
</kw>
<kw name="Sleep" library="BuiltIn">
<arg>1</arg>
<doc>Pauses the test executed for the given time.</doc>
<msg timestamp="20230313 13:57:15.288" level="INFO">Slept 1 second</msg>
<status status="PASS" starttime="20230313 13:57:14.277" endtime="20230313 13:57:15.288"/>
</kw>
<kw name="Does File Exist" library="RPA.FileSystem">
<var>${exists}</var>
<arg>${pdffilepath}</arg>
<doc>Returns True if the given file exists, False if not.</doc>
<msg timestamp="20230313 13:57:15.295" level="INFO">${exists} = True</msg>
<status status="PASS" starttime="20230313 13:57:15.289" endtime="20230313 13:57:15.296"/>
</kw>
<status status="PASS" starttime="20230313 13:57:12.330" endtime="20230313 13:57:15.296"/>
</branch>
<status status="PASS" starttime="20230313 13:57:12.330" endtime="20230313 13:57:15.297"/>
</if>
<status status="PASS" starttime="20230313 13:57:10.851" endtime="20230313 13:57:15.298"/>
</kw>
<kw name="Click Button" library="RPA.Browser.Selenium">
<arg>id:order-another</arg>
<doc>Clicks the button identified by ``locator``.</doc>
<msg timestamp="20230313 13:57:15.300" level="INFO">Clicking button 'id:order-another'.</msg>
<status status="PASS" starttime="20230313 13:57:15.299" endtime="20230313 13:57:15.569"/>
</kw>
<status status="PASS" starttime="20230313 13:57:07.635" endtime="20230313 13:57:15.570"/>
</iter>
<iter>
<var name="${order}">{'Order number': '2', 'Head': '4', 'Body': '1', 'Legs': '5', 'Address': 'Address 456'}</var>
<kw name="Build Robot">
<arg>${order}[Head]</arg>
<arg>bodynumber=${order}[Body]</arg>
<arg>legsnumber=${order}[Legs]</arg>
<arg>address=${order}[Address]</arg>
<kw name="Wait Until Element Is Visible" library="RPA.Browser.Selenium">
<arg>id:head</arg>
<arg>10</arg>
<doc>Waits until the element ``locator`` is visible.</doc>
<status status="PASS" starttime="20230313 13:57:15.572" endtime="20230313 13:57:15.611"/>
</kw>
<kw name="Is Element Visible" library="RPA.Browser.Selenium">
<var>${isrightsvisible}</var>
<arg>alias:Modalheader</arg>
<doc>Is element visible</doc>
<msg timestamp="20230313 13:57:15.664" level="INFO">Element 'alias:Modalheader' is displayed.</msg>
<msg timestamp="20230313 13:57:15.665" level="INFO">${isrightsvisible} = True</msg>
<status status="PASS" starttime="20230313 13:57:15.613" endtime="20230313 13:57:15.665"/>
</kw>
<if>
<branch type="IF" condition="$isrightsvisible">
<kw name="Click Button" library="RPA.Browser.Selenium">
<arg>OK</arg>
<doc>Clicks the button identified by ``locator``.</doc>
<msg timestamp="20230313 13:57:15.669" level="INFO">Clicking button 'OK'.</msg>
<status status="PASS" starttime="20230313 13:57:15.667" endtime="20230313 13:57:15.781"/>
</kw>
<status status="PASS" starttime="20230313 13:57:15.666" endtime="20230313 13:57:15.782"/>
</branch>
<status status="PASS" starttime="20230313 13:57:15.666" endtime="20230313 13:57:15.783"/>
</if>
<kw name="Read Model Name">
<var>${modelname}</var>
<arg>${headnumber}</arg>
<kw name="Is Element Visible" library="RPA.Browser.Selenium">
<var>${issmodelinfovisible}</var>
<arg>id:model-info</arg>
<doc>Is element visible</doc>
<msg timestamp="20230313 13:57:15.801" level="INFO" html="true">Ran with keyword &lt;b&gt;Element Should Be Visible&lt;/b&gt; which returned error: &lt;i&gt;Element with locator 'id:model-info' not found.&lt;/i&gt;</msg>
<msg timestamp="20230313 13:57:15.802" level="INFO">${issmodelinfovisible} = False</msg>
<status status="PASS" starttime="20230313 13:57:15.785" endtime="20230313 13:57:15.802"/>
</kw>
<if>
<branch type="IF" condition="$issmodelinfovisible is $false">
<kw name="Click Button" library="RPA.Browser.Selenium">
<arg>Show model info</arg>
<doc>Clicks the button identified by ``locator``.</doc>
<msg timestamp="20230313 13:57:15.805" level="INFO">Clicking button 'Show model info'.</msg>
<status status="PASS" starttime="20230313 13:57:15.804" endtime="20230313 13:57:15.901"/>
</kw>
<status status="PASS" starttime="20230313 13:57:15.803" endtime="20230313 13:57:15.902"/>
</branch>
<status status="PASS" starttime="20230313 13:57:15.803" endtime="20230313 13:57:15.902"/>
</if>
<kw name="Wait Until Element Is Visible" library="RPA.Browser.Selenium">
<arg>id:model-info</arg>
<arg>10</arg>
<doc>Waits until the element ``locator`` is visible.</doc>
<status status="PASS" starttime="20230313 13:57:15.906" endtime="20230313 13:57:15.946"/>
</kw>
<kw name="Convert To Integer" library="BuiltIn">
<var>${partnumberint}</var>
<arg>${partnumber}</arg>
<doc>Converts the given item to an integer number.</doc>
<msg timestamp="20230313 13:57:15.948" level="INFO">${partnumberint} = 4</msg>
<status status="PASS" starttime="20230313 13:57:15.946" endtime="20230313 13:57:15.948"/>
</kw>
<kw name="Set Variable" library="BuiltIn">
<var>${partnumberint}</var>
<arg>${${partnumberint}+1}</arg>
<doc>Returns the given values which can then be assigned to a variables.</doc>
<msg timestamp="20230313 13:57:15.952" level="INFO">${partnumberint} = 5</msg>
<status status="PASS" starttime="20230313 13:57:15.948" endtime="20230313 13:57:15.952"/>
</kw>
<kw name="Get Table Cell" library="RPA.Browser.Selenium">
<var>${modelname}</var>
<arg>id:model-info</arg>
<arg>${partnumberint}</arg>
<arg>1</arg>
<doc>Returns contents of a table cell.</doc>
<msg timestamp="20230313 13:57:16.097" level="INFO">${modelname} = Andy Roid</msg>
<status status="PASS" starttime="20230313 13:57:15.953" endtime="20230313 13:57:16.097"/>
</kw>
<return>
<value>${modelname}</value>
<status status="PASS" starttime="20230313 13:57:16.098" endtime="20230313 13:57:16.098"/>
</return>
<msg timestamp="20230313 13:57:16.100" level="INFO">${modelname} = Andy Roid</msg>
<status status="PASS" starttime="20230313 13:57:15.783" endtime="20230313 13:57:16.100"/>
</kw>
<kw name="Get List Items" library="RPA.Browser.Selenium">
<var>${headlist}</var>
<arg>id:head</arg>
<arg>${FALSE}</arg>
<doc>Returns all labels or values of selection list ``locator``.</doc>
<msg timestamp="20230313 13:57:16.307" level="INFO">${headlist} = ['-- Choose a head --', 'Roll-a-thor head', 'Peanut crusher head', 'D.A.V.E head', 'Andy Roid head', 'Spanner mate head', 'Drillbit 2000 head']</msg>
<status status="PASS" starttime="20230313 13:57:16.101" endtime="20230313 13:57:16.307"/>
</kw>
<kw name="Log List" library="Collections">
<arg>${headlist}</arg>
<doc>Logs the length and contents of the ``list`` using given ``level``.</doc>
<msg timestamp="20230313 13:57:16.308" level="INFO">List length is 7 and it contains following items:
0: -- Choose a head --
1: Roll-a-thor head
2: Peanut crusher head
3: D.A.V.E head
4: Andy Roid head
5: Spanner mate head
6: Drillbit 2000 head</msg>
<status status="PASS" starttime="20230313 13:57:16.308" endtime="20230313 13:57:16.309"/>
</kw>
<kw name="Select From List By Label" library="RPA.Browser.Selenium">
<arg>id:head</arg>
<arg>${modelname} head</arg>
<doc>Selects options from selection list ``locator`` by ``labels``.</doc>
<msg timestamp="20230313 13:57:16.310" level="INFO">Selecting options from selection list 'id:head' by label Andy Roid head.</msg>
<status status="PASS" starttime="20230313 13:57:16.309" endtime="20230313 13:57:16.441"/>
</kw>
<kw name="Select Radio Button" library="RPA.Browser.Selenium">
<arg>body</arg>
<arg>${bodynumber}</arg>
<doc>Sets the radio button group ``group_name`` to ``value``.</doc>
<msg timestamp="20230313 13:57:16.443" level="INFO">Selecting '1' from radio button 'body'.</msg>
<status status="PASS" starttime="20230313 13:57:16.442" endtime="20230313 13:57:16.565"/>
</kw>
<kw name="Input Text" library="RPA.Browser.Selenium">
<arg>xpath://html/body/div/div/div[1]/div/div[1]/form/div[3]/input</arg>
<arg>${legsnumber}</arg>
<doc>Types the given ``text`` into the text field identified by ``locator``.</doc>
<msg timestamp="20230313 13:57:16.568" level="INFO">Typing text '5' into text field 'xpath://html/body/div/div/div[1]/div/div[1]/form/div[3]/input'.</msg>
<status status="PASS" starttime="20230313 13:57:16.566" endtime="20230313 13:57:16.749"/>
</kw>
<kw name="Input Text" library="RPA.Browser.Selenium">
<arg>id:address</arg>
<arg>${address}</arg>
<doc>Types the given ``text`` into the text field identified by ``locator``.</doc>
<msg timestamp="20230313 13:57:16.751" level="INFO">Typing text 'Address 456' into text field 'id:address'.</msg>
<status status="PASS" starttime="20230313 13:57:16.750" endtime="20230313 13:57:16.935"/>
</kw>
<kw name="Click Button" library="RPA.Browser.Selenium">
<arg>id:preview</arg>
<doc>Clicks the button identified by ``locator``.</doc>
<msg timestamp="20230313 13:57:16.938" level="INFO">Clicking button 'id:preview'.</msg>
<status status="PASS" starttime="20230313 13:57:16.937" endtime="20230313 13:57:17.062"/>
</kw>
<kw name="Wait Until Element Is Visible" library="RPA.Browser.Selenium">
<arg>id:robot-preview-image</arg>
<arg>5</arg>
<doc>Waits until the element ``locator`` is visible.</doc>
<status status="PASS" starttime="20230313 13:57:17.063" endtime="20230313 13:57:17.106"/>
</kw>
<kw name="Set Variable" library="BuiltIn">
<var>${counter}</var>
<arg>0</arg>
<doc>Returns the given values which can then be assigned to a variables.</doc>
<msg timestamp="20230313 13:57:17.108" level="INFO">${counter} = 0</msg>
<status status="PASS" starttime="20230313 13:57:17.107" endtime="20230313 13:57:17.108"/>
</kw>
<kw name="Convert To Integer" library="BuiltIn">
<var>${counterint}</var>
<arg>${counter}</arg>
<doc>Converts the given item to an integer number.</doc>
<msg timestamp="20230313 13:57:17.111" level="INFO">${counterint} = 0</msg>
<status status="PASS" starttime="20230313 13:57:17.109" endtime="20230313 13:57:17.111"/>
</kw>
<while condition="$counterint &lt; 5">
<iter>
<kw name="Set Variable" library="BuiltIn">
<var>${counterint}</var>
<arg>${${counterint}+1}</arg>
<doc>Returns the given values which can then be assigned to a variables.</doc>
<msg timestamp="20230313 13:57:17.116" level="INFO">${counterint} = 1</msg>
<status status="PASS" starttime="20230313 13:57:17.113" endtime="20230313 13:57:17.117"/>
</kw>
<kw name="Click Button" library="RPA.Browser.Selenium">
<arg>id:order</arg>
<doc>Clicks the button identified by ``locator``.</doc>
<msg timestamp="20230313 13:57:17.118" level="INFO">Clicking button 'id:order'.</msg>
<status status="PASS" starttime="20230313 13:57:17.117" endtime="20230313 13:57:17.252"/>
</kw>
<kw name="Sleep" library="BuiltIn">
<arg>2</arg>
<doc>Pauses the test executed for the given time.</doc>
<msg timestamp="20230313 13:57:19.270" level="INFO">Slept 2 seconds</msg>
<status status="PASS" starttime="20230313 13:57:17.253" endtime="20230313 13:57:19.271"/>
</kw>
<kw name="Is Element Visible" library="RPA.Browser.Selenium">
<var>${success}</var>
<arg>id:order-completion</arg>
<doc>Is element visible</doc>
<msg timestamp="20230313 13:57:19.285" level="INFO" html="true">Ran with keyword &lt;b&gt;Element Should Be Visible&lt;/b&gt; which returned error: &lt;i&gt;Element with locator 'id:order-completion' not found.&lt;/i&gt;</msg>
<msg timestamp="20230313 13:57:19.286" level="INFO">${success} = False</msg>
<status status="PASS" starttime="20230313 13:57:19.271" endtime="20230313 13:57:19.286"/>
</kw>
<if>
<branch type="IF" condition="$success">
<break>
<status status="NOT RUN" starttime="20230313 13:57:19.288" endtime="20230313 13:57:19.289"/>
</break>
<status status="NOT RUN" starttime="20230313 13:57:19.287" endtime="20230313 13:57:19.289"/>
</branch>
<status status="PASS" starttime="20230313 13:57:19.287" endtime="20230313 13:57:19.290"/>
</if>
<status status="PASS" starttime="20230313 13:57:17.112" endtime="20230313 13:57:19.290"/>
</iter>
<iter>
<kw name="Set Variable" library="BuiltIn">
<var>${counterint}</var>
<arg>${${counterint}+1}</arg>
<doc>Returns the given values which can then be assigned to a variables.</doc>
<msg timestamp="20230313 13:57:19.298" level="INFO">${counterint} = 2</msg>
<status status="PASS" starttime="20230313 13:57:19.292" endtime="20230313 13:57:19.298"/>
</kw>
<kw name="Click Button" library="RPA.Browser.Selenium">
<arg>id:order</arg>
<doc>Clicks the button identified by ``locator``.</doc>
<msg timestamp="20230313 13:57:19.301" level="INFO">Clicking button 'id:order'.</msg>
<status status="PASS" starttime="20230313 13:57:19.299" endtime="20230313 13:57:19.402"/>
</kw>
<kw name="Sleep" library="BuiltIn">
<arg>2</arg>
<doc>Pauses the test executed for the given time.</doc>
<msg timestamp="20230313 13:57:21.412" level="INFO">Slept 2 seconds</msg>
<status status="PASS" starttime="20230313 13:57:19.403" endtime="20230313 13:57:21.413"/>
</kw>
<kw name="Is Element Visible" library="RPA.Browser.Selenium">
<var>${success}</var>
<arg>id:order-completion</arg>
<doc>Is element visible</doc>
<msg timestamp="20230313 13:57:21.445" level="INFO">Element 'id:order-completion' is displayed.</msg>
<msg timestamp="20230313 13:57:21.445" level="INFO">${success} = True</msg>
<status status="PASS" starttime="20230313 13:57:21.414" endtime="20230313 13:57:21.446"/>
</kw>
<if>
<branch type="IF" condition="$success">
<break>
<status status="PASS" starttime="20230313 13:57:21.448" endtime="20230313 13:57:21.448"/>
</break>
<status status="PASS" starttime="20230313 13:57:21.447" endtime="20230313 13:57:21.448"/>
</branch>
<status status="PASS" starttime="20230313 13:57:21.446" endtime="20230313 13:57:21.449"/>
</if>
<status status="PASS" starttime="20230313 13:57:19.291" endtime="20230313 13:57:21.449"/>
</iter>
<status status="PASS" starttime="20230313 13:57:17.111" endtime="20230313 13:57:21.450"/>
</while>
<status status="PASS" starttime="20230313 13:57:15.570" endtime="20230313 13:57:21.452"/>
</kw>
<kw name="Set Variable" library="BuiltIn">
<var>${ordernumber}</var>
<arg>${order}[Order number]</arg>
<doc>Returns the given values which can then be assigned to a variables.</doc>
<msg timestamp="20230313 13:57:21.454" level="INFO">${ordernumber} = 2</msg>
<status status="PASS" starttime="20230313 13:57:21.453" endtime="20230313 13:57:21.454"/>
</kw>
<kw name="Set Variable" library="BuiltIn">
<var>${fileextension}</var>
<arg>.pdf</arg>
<doc>Returns the given values which can then be assigned to a variables.</doc>
<msg timestamp="20230313 13:57:21.457" level="INFO">${fileextension} = .pdf</msg>
<status status="PASS" starttime="20230313 13:57:21.455" endtime="20230313 13:57:21.457"/>
</kw>
<kw name="Set Variable" library="BuiltIn">
<var>${pdffilepath}</var>
<arg>${pdffolder}${ordernumber}${fileextension}</arg>
<doc>Returns the given values which can then be assigned to a variables.</doc>
<msg timestamp="20230313 13:57:21.459" level="INFO">${pdffilepath} = C:/Users/ArttuMalmivirta/OneDrive - Digital Workforce/Robocorp/robotorder/pdfs\2.pdf</msg>
<status status="PASS" starttime="20230313 13:57:21.457" endtime="20230313 13:57:21.460"/>
</kw>
<kw name="Create Pdf">
<arg>${screenshotfilepath}</arg>
<arg>pdffilepath=${pdffilepath}</arg>
<kw name="Scroll Element Into View" library="RPA.Browser.Selenium">
<arg>id:robot-preview-image</arg>
<doc>Scrolls the element identified by ``locator`` into view.</doc>
<status status="PASS" starttime="20230313 13:57:21.464" endtime="20230313 13:57:21.755"/>
</kw>
<kw name="Capture Element Screenshot" library="RPA.Browser.Selenium">
<arg>id:robot-preview-image</arg>
<arg>${screenshotfilepath}</arg>
<doc>Captures a screenshot from the element identified by ``locator`` and embeds it into log file.</doc>
<msg timestamp="20230313 13:57:21.914" level="INFO" html="true">&lt;/td&gt;&lt;/tr&gt;&lt;tr&gt;&lt;td colspan="3"&gt;&lt;a href="testi.png"&gt;&lt;img src="testi.png" width="400px"&gt;&lt;/a&gt;</msg>
<status status="PASS" starttime="20230313 13:57:21.756" endtime="20230313 13:57:21.915"/>
</kw>
<kw name="Sleep" library="BuiltIn">
<arg>1</arg>
<doc>Pauses the test executed for the given time.</doc>
<msg timestamp="20230313 13:57:22.930" level="INFO">Slept 1 second</msg>
<status status="PASS" starttime="20230313 13:57:21.916" endtime="20230313 13:57:22.930"/>
</kw>
<kw name="Does File Exist" library="RPA.FileSystem">
<var>${exists}</var>
<arg>${screenshotfilepath}</arg>
<doc>Returns True if the given file exists, False if not.</doc>
<msg timestamp="20230313 13:57:22.934" level="INFO">${exists} = True</msg>
<status status="PASS" starttime="20230313 13:57:22.931" endtime="20230313 13:57:22.934"/>
</kw>
<if>
<branch type="IF" condition="$exists">
<kw name="Get Element Attribute" library="RPA.Browser.Selenium">
<var>${outerhtml}</var>
<arg>id:receipt</arg>
<arg>outerHTML</arg>
<doc>Returns the value of ``attribute`` from the element ``locator``.</doc>
<msg timestamp="20230313 13:57:22.976" level="INFO">${outerhtml} = &lt;div id="receipt" class="alert alert-success" role="alert"&gt;&lt;h3&gt;Receipt&lt;/h3&gt;&lt;div&gt;2023-03-13T11:57:19.388Z&lt;/div&gt;&lt;p class="badge badge-success"&gt;RSB-ROBO-ORDER-HTL69SJP1A&lt;/p&gt;&lt;p&gt;Address 456&lt;/p&gt;&lt;div id="par...</msg>
<status status="PASS" starttime="20230313 13:57:22.937" endtime="20230313 13:57:22.977"/>
</kw>
<kw name="Html To Pdf" library="RPA.PDF">
<arg>${outerhtml}</arg>
<arg>${pdffilepath}</arg>
<doc>Generate a PDF file from HTML content.</doc>
<msg timestamp="20230313 13:57:22.982" level="INFO">Writing output to file C:\Users\ArttuMalmivirta\OneDrive - Digital Workforce\Robocorp\robotorder\pdfs\2.pdf</msg>
<msg timestamp="20230313 13:57:23.539" level="INFO">maxp pruned</msg>
<msg timestamp="20230313 13:57:23.540" level="INFO">cmap pruned</msg>
<msg timestamp="20230313 13:57:23.541" level="INFO">post pruned</msg>
<msg timestamp="20230313 13:57:23.541" level="INFO">GDEF dropped</msg>
<msg timestamp="20230313 13:57:23.542" level="INFO">GPOS dropped</msg>
<msg timestamp="20230313 13:57:23.542" level="INFO">GSUB dropped</msg>
<msg timestamp="20230313 13:57:23.546" level="INFO">name pruned</msg>
<msg timestamp="20230313 13:57:23.559" level="INFO">glyf pruned</msg>
<msg timestamp="20230313 13:57:23.564" level="INFO">Added gid0 to subset</msg>
<msg timestamp="20230313 13:57:23.564" level="INFO">Added first four glyphs to subset</msg>
<msg timestamp="20230313 13:57:23.565" level="INFO">Closing glyph list over 'glyf': 57 glyphs before</msg>
<msg timestamp="20230313 13:57:23.566" level="INFO">Glyph names: ['.notdef', '.null', 'uni0020', 'uni0021', 'uni002D', 'uni002E', 'uni0030', 'uni0031', 'uni0032', 'uni0033', 'uni0034', 'uni0035', 'uni0036', 'uni0037', 'uni0038', 'uni0039', 'uni003A', 'uni0041', 'uni0042', 'uni0044', 'uni0045', 'uni0048', 'uni004A', 'uni004C', 'uni004F', 'uni0050', 'uni0052', 'uni0053', 'uni0054', 'uni0057', 'uni0059', 'uni005A', 'uni0061', 'uni0062', 'uni0063', 'uni0064', 'uni0065', 'uni0066', 'uni0067', 'uni0068', 'uni0069', 'uni006B', 'uni006C', 'uni006D', 'uni006E', 'uni006F', 'uni0070', 'uni0072', 'uni0073', 'uni0074', 'uni0075', 'uni0076', 'uni0077', 'uni0079', 'uni007B', 'uni007D', 'uni00C4']</msg>
<msg timestamp="20230313 13:57:23.568" level="INFO">Glyph IDs:   [0, 1, 2, 3, 65, 84, 95, 161, 265, 280, 320, 374, 382, 395, 409, 456, 469, 493, 504, 575, 582, 594, 612, 645, 650, 660, 679, 715, 723, 752, 759, 775, 827, 837, 867, 884, 899, 932, 936, 950, 1294, 1295, 1296, 1298, 1299, 1300, 1302, 1303, 1304, 1305, 1329, 1345, 1346, 1361, 1404, 1407, 1681]</msg>
<msg timestamp="20230313 13:57:23.569" level="INFO">Closed glyph list over 'glyf': 57 glyphs after</msg>
<msg timestamp="20230313 13:57:23.569" level="INFO">Glyph names: ['.notdef', '.null', 'uni0020', 'uni0021', 'uni002D', 'uni002E', 'uni0030', 'uni0031', 'uni0032', 'uni0033', 'uni0034', 'uni0035', 'uni0036', 'uni0037', 'uni0038', 'uni0039', 'uni003A', 'uni0041', 'uni0042', 'uni0044', 'uni0045', 'uni0048', 'uni004A', 'uni004C', 'uni004F', 'uni0050', 'uni0052', 'uni0053', 'uni0054', 'uni0057', 'uni0059', 'uni005A', 'uni0061', 'uni0062', 'uni0063', 'uni0064', 'uni0065', 'uni0066', 'uni0067', 'uni0068', 'uni0069', 'uni006B', 'uni006C', 'uni006D', 'uni006E', 'uni006F', 'uni0070', 'uni0072', 'uni0073', 'uni0074', 'uni0075', 'uni0076', 'uni0077', 'uni0079', 'uni007B', 'uni007D', 'uni00C4']</msg>
<msg timestamp="20230313 13:57:23.570" level="INFO">Glyph IDs:   [0, 1, 2, 3, 65, 84, 95, 161, 265, 280, 320, 374, 382, 395, 409, 456, 469, 493, 504, 575, 582, 594, 612, 645, 650, 660, 679, 715, 723, 752, 759, 775, 827, 837, 867, 884, 899, 932, 936, 950, 1294, 1295, 1296, 1298, 1299, 1300, 1302, 1303, 1304, 1305, 1329, 1345, 1346, 1361, 1404, 1407, 1681]</msg>
<msg timestamp="20230313 13:57:23.572" level="INFO">Retaining 57 glyphs</msg>
<msg timestamp="20230313 13:57:23.574" level="INFO">head subsetting not needed</msg>
<msg timestamp="20230313 13:57:23.576" level="INFO">hhea subsetting not needed</msg>
<msg timestamp="20230313 13:57:23.576" level="INFO">maxp subsetting not needed</msg>
<msg timestamp="20230313 13:57:23.576" level="INFO">OS/2 subsetting not needed</msg>
<msg timestamp="20230313 13:57:23.585" level="INFO">hmtx subsetted</msg>
<msg timestamp="20230313 13:57:23.593" level="INFO">cmap subsetted</msg>
<msg timestamp="20230313 13:57:23.593" level="INFO">prep subsetting not needed</msg>
<msg timestamp="20230313 13:57:23.594" level="INFO">loca subsetting not needed</msg>
<msg timestamp="20230313 13:57:23.594" level="INFO">post subsetted</msg>
<msg timestamp="20230313 13:57:23.595" level="INFO">gasp subsetting not needed</msg>
<msg timestamp="20230313 13:57:23.595" level="INFO">STAT subsetting not needed</msg>
<msg timestamp="20230313 13:57:23.595" level="INFO">name subsetting not needed</msg>
<msg timestamp="20230313 13:57:23.599" level="INFO">glyf subsetted</msg>
<msg timestamp="20230313 13:57:23.601" level="INFO">head pruned</msg>
<msg timestamp="20230313 13:57:23.603" level="INFO">OS/2 Unicode ranges pruned: [0]</msg>
<msg timestamp="20230313 13:57:23.609" level="INFO">glyf pruned</msg>
<msg timestamp="20230313 13:57:23.741" level="INFO">maxp pruned</msg>
<msg timestamp="20230313 13:57:23.742" level="INFO">cmap pruned</msg>
<msg timestamp="20230313 13:57:23.743" level="INFO">post pruned</msg>
<msg timestamp="20230313 13:57:23.743" level="INFO">GDEF dropped</msg>
<msg timestamp="20230313 13:57:23.743" level="INFO">GPOS dropped</msg>
<msg timestamp="20230313 13:57:23.743" level="INFO">GSUB dropped</msg>
<msg timestamp="20230313 13:57:23.745" level="INFO">name pruned</msg>
<msg timestamp="20230313 13:57:23.755" level="INFO">glyf pruned</msg>
<msg timestamp="20230313 13:57:23.757" level="INFO">Added gid0 to subset</msg>
<msg timestamp="20230313 13:57:23.757" level="INFO">Added first four glyphs to subset</msg>
<msg timestamp="20230313 13:57:23.757" level="INFO">Closing glyph list over 'glyf': 19 glyphs before</msg>
<msg timestamp="20230313 13:57:23.758" level="INFO">Glyph names: ['.notdef', '.null', 'uni0020', 'uni0030', 'uni0031', 'uni0032', 'uni0033', 'uni0034', 'uni0035', 'uni0036', 'uni0037', 'uni0038', 'uni0039', 'uni0041', 'uni0062', 'uni006E', 'uni007B', 'uni007D', 'uni00C4']</msg>
<msg timestamp="20230313 13:57:23.759" level="INFO">Glyph IDs:   [0, 1, 2, 3, 575, 759, 1294, 1295, 1296, 1298, 1299, 1300, 1302, 1303, 1304, 1305, 1345, 1346, 1681]</msg>
<msg timestamp="20230313 13:57:23.759" level="INFO">Closed glyph list over 'glyf': 19 glyphs after</msg>
<msg timestamp="20230313 13:57:23.759" level="INFO">Glyph names: ['.notdef', '.null', 'uni0020', 'uni0030', 'uni0031', 'uni0032', 'uni0033', 'uni0034', 'uni0035', 'uni0036', 'uni0037', 'uni0038', 'uni0039', 'uni0041', 'uni0062', 'uni006E', 'uni007B', 'uni007D', 'uni00C4']</msg>
<msg timestamp="20230313 13:57:23.759" level="INFO">Glyph IDs:   [0, 1, 2, 3, 575, 759, 1294, 1295, 1296, 1298, 1299, 1300, 1302, 1303, 1304, 1305, 1345, 1346, 1681]</msg>
<msg timestamp="20230313 13:57:23.760" level="INFO">Retaining 19 glyphs</msg>
<msg timestamp="20230313 13:57:23.761" level="INFO">head subsetting not needed</msg>
<msg timestamp="20230313 13:57:23.761" level="INFO">hhea subsetting not needed</msg>
<msg timestamp="20230313 13:57:23.761" level="INFO">maxp subsetting not needed</msg>
<msg timestamp="20230313 13:57:23.762" level="INFO">OS/2 subsetting not needed</msg>
<msg timestamp="20230313 13:57:23.769" level="INFO">hmtx subsetted</msg>
<msg timestamp="20230313 13:57:23.777" level="INFO">cmap subsetted</msg>
<msg timestamp="20230313 13:57:23.777" level="INFO">prep subsetting not needed</msg>
<msg timestamp="20230313 13:57:23.778" level="INFO">loca subsetting not needed</msg>
<msg timestamp="20230313 13:57:23.779" level="INFO">post subsetted</msg>
<msg timestamp="20230313 13:57:23.779" level="INFO">gasp subsetting not needed</msg>
<msg timestamp="20230313 13:57:23.780" level="INFO">STAT subsetting not needed</msg>
<msg timestamp="20230313 13:57:23.780" level="INFO">name subsetting not needed</msg>
<msg timestamp="20230313 13:57:23.785" level="INFO">glyf subsetted</msg>
<msg timestamp="20230313 13:57:23.786" level="INFO">head pruned</msg>
<msg timestamp="20230313 13:57:23.788" level="INFO">OS/2 Unicode ranges pruned: [0]</msg>
<msg timestamp="20230313 13:57:23.791" level="INFO">glyf pruned</msg>
<msg timestamp="20230313 13:57:23.877" level="INFO">maxp pruned</msg>
<msg timestamp="20230313 13:57:23.878" level="INFO">cmap pruned</msg>
<msg timestamp="20230313 13:57:23.879" level="INFO">post pruned</msg>
<msg timestamp="20230313 13:57:23.880" level="INFO">GDEF dropped</msg>
<msg timestamp="20230313 13:57:23.880" level="INFO">GPOS dropped</msg>
<msg timestamp="20230313 13:57:23.880" level="INFO">GSUB dropped</msg>
<msg timestamp="20230313 13:57:23.882" level="INFO">name pruned</msg>
<msg timestamp="20230313 13:57:23.903" level="INFO">glyf pruned</msg>
<msg timestamp="20230313 13:57:23.919" level="INFO">Added gid0 to subset</msg>
<msg timestamp="20230313 13:57:23.919" level="INFO">Added first four glyphs to subset</msg>
<msg timestamp="20230313 13:57:23.920" level="INFO">Closing glyph list over 'glyf': 18 glyphs before</msg>
<msg timestamp="20230313 13:57:23.920" level="INFO">Glyph names: ['.notdef', '.null', 'uni0020', 'uni0030', 'uni0031', 'uni0032', 'uni0033', 'uni0034', 'uni0035', 'uni0036', 'uni0037', 'uni0038', 'uni0039', 'uni0062', 'uni006E', 'uni007B', 'uni007D', 'uni00A0']</msg>
<msg timestamp="20230313 13:57:23.923" level="INFO">Glyph IDs:   [0, 1, 2, 3, 544, 727, 1256, 1257, 1258, 1260, 1261, 1262, 1264, 1265, 1266, 1267, 1307, 1308]</msg>
<msg timestamp="20230313 13:57:23.924" level="INFO">Closed glyph list over 'glyf': 18 glyphs after</msg>
<msg timestamp="20230313 13:57:23.924" level="INFO">Glyph names: ['.notdef', '.null', 'uni0020', 'uni0030', 'uni0031', 'uni0032', 'uni0033', 'uni0034', 'uni0035', 'uni0036', 'uni0037', 'uni0038', 'uni0039', 'uni0062', 'uni006E', 'uni007B', 'uni007D', 'uni00A0']</msg>
<msg timestamp="20230313 13:57:23.925" level="INFO">Glyph IDs:   [0, 1, 2, 3, 544, 727, 1256, 1257, 1258, 1260, 1261, 1262, 1264, 1265, 1266, 1267, 1307, 1308]</msg>
<msg timestamp="20230313 13:57:23.926" level="INFO">Retaining 18 glyphs</msg>
<msg timestamp="20230313 13:57:23.928" level="INFO">head subsetting not needed</msg>
<msg timestamp="20230313 13:57:23.929" level="INFO">hhea subsetting not needed</msg>
<msg timestamp="20230313 13:57:23.929" level="INFO">maxp subsetting not needed</msg>
<msg timestamp="20230313 13:57:23.930" level="INFO">OS/2 subsetting not needed</msg>
<msg timestamp="20230313 13:57:23.935" level="INFO">hmtx subsetted</msg>
<msg timestamp="20230313 13:57:23.941" level="INFO">cmap subsetted</msg>
<msg timestamp="20230313 13:57:23.941" level="INFO">loca subsetting not needed</msg>
<msg timestamp="20230313 13:57:23.942" level="INFO">post subsetted</msg>
<msg timestamp="20230313 13:57:23.943" level="INFO">name subsetting not needed</msg>
<msg timestamp="20230313 13:57:23.947" level="INFO">glyf subsetted</msg>
<msg timestamp="20230313 13:57:23.948" level="INFO">head pruned</msg>
<msg timestamp="20230313 13:57:23.950" level="INFO">OS/2 Unicode ranges pruned: [0]</msg>
<msg timestamp="20230313 13:57:23.952" level="INFO">glyf pruned</msg>
<msg timestamp="20230313 13:57:24.022" level="INFO">maxp pruned</msg>
<msg timestamp="20230313 13:57:24.024" level="INFO">cmap pruned</msg>
<msg timestamp="20230313 13:57:24.024" level="INFO">post pruned</msg>
<msg timestamp="20230313 13:57:24.025" level="INFO">GDEF dropped</msg>
<msg timestamp="20230313 13:57:24.025" level="INFO">GPOS dropped</msg>
<msg timestamp="20230313 13:57:24.027" level="INFO">GSUB dropped</msg>
<msg timestamp="20230313 13:57:24.028" level="INFO">name pruned</msg>
<msg timestamp="20230313 13:57:24.043" level="INFO">glyf pruned</msg>
<msg timestamp="20230313 13:57:24.058" level="INFO">Added gid0 to subset</msg>
<msg timestamp="20230313 13:57:24.059" level="INFO">Added first four glyphs to subset</msg>
<msg timestamp="20230313 13:57:24.059" level="INFO">Closing glyph list over 'glyf': 18 glyphs before</msg>
<msg timestamp="20230313 13:57:24.059" level="INFO">Glyph names: ['.notdef', '.null', 'uni0020', 'uni0030', 'uni0031', 'uni0032', 'uni0033', 'uni0034', 'uni0035', 'uni0036', 'uni0037', 'uni0038', 'uni0039', 'uni0062', 'uni006E', 'uni007B', 'uni007D', 'uni00A0']</msg>
<msg timestamp="20230313 13:57:24.062" level="INFO">Glyph IDs:   [0, 1, 2, 3, 544, 727, 1256, 1257, 1258, 1260, 1261, 1262, 1264, 1265, 1266, 1267, 1307, 1308]</msg>
<msg timestamp="20230313 13:57:24.062" level="INFO">Closed glyph list over 'glyf': 18 glyphs after</msg>
<msg timestamp="20230313 13:57:24.062" level="INFO">Glyph names: ['.notdef', '.null', 'uni0020', 'uni0030', 'uni0031', 'uni0032', 'uni0033', 'uni0034', 'uni0035', 'uni0036', 'uni0037', 'uni0038', 'uni0039', 'uni0062', 'uni006E', 'uni007B', 'uni007D', 'uni00A0']</msg>
<msg timestamp="20230313 13:57:24.063" level="INFO">Glyph IDs:   [0, 1, 2, 3, 544, 727, 1256, 1257, 1258, 1260, 1261, 1262, 1264, 1265, 1266, 1267, 1307, 1308]</msg>
<msg timestamp="20230313 13:57:24.064" level="INFO">Retaining 18 glyphs</msg>
<msg timestamp="20230313 13:57:24.065" level="INFO">head subsetting not needed</msg>
<msg timestamp="20230313 13:57:24.066" level="INFO">hhea subsetting not needed</msg>
<msg timestamp="20230313 13:57:24.066" level="INFO">maxp subsetting not needed</msg>
<msg timestamp="20230313 13:57:24.067" level="INFO">OS/2 subsetting not needed</msg>
<msg timestamp="20230313 13:57:24.072" level="INFO">hmtx subsetted</msg>
<msg timestamp="20230313 13:57:24.080" level="INFO">cmap subsetted</msg>
<msg timestamp="20230313 13:57:24.081" level="INFO">loca subsetting not needed</msg>
<msg timestamp="20230313 13:57:24.082" level="INFO">post subsetted</msg>
<msg timestamp="20230313 13:57:24.082" level="INFO">name subsetting not needed</msg>
<msg timestamp="20230313 13:57:24.085" level="INFO">glyf subsetted</msg>
<msg timestamp="20230313 13:57:24.087" level="INFO">head pruned</msg>
<msg timestamp="20230313 13:57:24.089" level="INFO">OS/2 Unicode ranges pruned: [0]</msg>
<msg timestamp="20230313 13:57:24.092" level="INFO">glyf pruned</msg>
<status status="PASS" starttime="20230313 13:57:22.978" endtime="20230313 13:57:24.148"/>
</kw>
<kw name="Create List" library="BuiltIn">
<var>${files}</var>
<arg>${screenshotfilepath}</arg>
<doc>Returns a list containing given items.</doc>
<msg timestamp="20230313 13:57:24.151" level="INFO">${files} = ['C:/Users/ArttuMalmivirta/OneDrive - Digital Workforce/Robocorp/robotorder/output//testi.png']</msg>
<status status="PASS" starttime="20230313 13:57:24.149" endtime="20230313 13:57:24.151"/>
</kw>
<kw name="Add Files To Pdf" library="RPA.PDF">
<arg>${files}</arg>
<arg>${pdffilepath}</arg>
<arg>${TRUE}</arg>
<doc>Add images and/or pdfs to new PDF document</doc>
<msg timestamp="20230313 13:57:24.257" level="INFO">Adding page: 0</msg>
<msg timestamp="20230313 13:57:24.267" level="WARN">Object 7 0 found</msg>
<msg timestamp="20230313 13:57:24.269" level="WARN">Overwriting cache for 0 7</msg>
<msg timestamp="20230313 13:57:24.278" level="WARN">Object 14 0 found</msg>
<msg timestamp="20230313 13:57:24.279" level="WARN">Overwriting cache for 0 14</msg>
<msg timestamp="20230313 13:57:24.288" level="WARN">Object 21 0 found</msg>
<msg timestamp="20230313 13:57:24.289" level="WARN">Overwriting cache for 0 21</msg>
<msg timestamp="20230313 13:57:24.296" level="WARN">Object 28 0 found</msg>
<msg timestamp="20230313 13:57:24.297" level="WARN">Overwriting cache for 0 28</msg>
<msg timestamp="20230313 13:57:24.299" level="INFO">File C:\Users\ArttuMalmivirta\OneDrive - Digital Workforce\Robocorp\robotorder\output\testi.png type: png</msg>
<msg timestamp="20230313 13:57:24.300" level="INFO">Image parameters: {}</msg>
<status status="PASS" starttime="20230313 13:57:24.153" endtime="20230313 13:57:24.619"/>
</kw>
<kw name="Sleep" library="BuiltIn">
<arg>1</arg>
<doc>Pauses the test executed for the given time.</doc>
<msg timestamp="20230313 13:57:25.623" level="INFO">Slept 1 second</msg>
<status status="PASS" starttime="20230313 13:57:24.620" endtime="20230313 13:57:25.624"/>
</kw>
<kw name="Does File Exist" library="RPA.FileSystem">
<var>${exists}</var>
<arg>${pdffilepath}</arg>
<doc>Returns True if the given file exists, False if not.</doc>
<msg timestamp="20230313 13:57:25.629" level="INFO">${exists} = True</msg>
<status status="PASS" starttime="20230313 13:57:25.624" endtime="20230313 13:57:25.630"/>
</kw>
<status status="PASS" starttime="20230313 13:57:22.936" endtime="20230313 13:57:25.631"/>
</branch>
<status status="PASS" starttime="20230313 13:57:22.935" endtime="20230313 13:57:25.632"/>
</if>
<status status="PASS" starttime="20230313 13:57:21.460" endtime="20230313 13:57:25.633"/>
</kw>
<kw name="Click Button" library="RPA.Browser.Selenium">
<arg>id:order-another</arg>
<doc>Clicks the button identified by ``locator``.</doc>
<msg timestamp="20230313 13:57:25.635" level="INFO">Clicking button 'id:order-another'.</msg>
<status status="PASS" starttime="20230313 13:57:25.634" endtime="20230313 13:57:26.006"/>
</kw>
<status status="PASS" starttime="20230313 13:57:15.570" endtime="20230313 13:57:26.006"/>
</iter>
<iter>
<var name="${order}">{'Order number': '3', 'Head': '6', 'Body': '2', 'Legs': '3', 'Address': 'Address 789'}</var>
<kw name="Build Robot">
<arg>${order}[Head]</arg>
<arg>bodynumber=${order}[Body]</arg>
<arg>legsnumber=${order}[Legs]</arg>
<arg>address=${order}[Address]</arg>
<kw name="Wait Until Element Is Visible" library="RPA.Browser.Selenium">
<arg>id:head</arg>
<arg>10</arg>
<doc>Waits until the element ``locator`` is visible.</doc>
<status status="PASS" starttime="20230313 13:57:26.011" endtime="20230313 13:57:26.076"/>
</kw>
<kw name="Is Element Visible" library="RPA.Browser.Selenium">
<var>${isrightsvisible}</var>
<arg>alias:Modalheader</arg>
<doc>Is element visible</doc>
<msg timestamp="20230313 13:57:26.132" level="INFO">Element 'alias:Modalheader' is displayed.</msg>
<msg timestamp="20230313 13:57:26.133" level="INFO">${isrightsvisible} = True</msg>
<status status="PASS" starttime="20230313 13:57:26.077" endtime="20230313 13:57:26.133"/>
</kw>
<if>
<branch type="IF" condition="$isrightsvisible">
<kw name="Click Button" library="RPA.Browser.Selenium">
<arg>OK</arg>
<doc>Clicks the button identified by ``locator``.</doc>
<msg timestamp="20230313 13:57:26.138" level="INFO">Clicking button 'OK'.</msg>
<status status="PASS" starttime="20230313 13:57:26.137" endtime="20230313 13:57:26.287"/>
</kw>
<status status="PASS" starttime="20230313 13:57:26.135" endtime="20230313 13:57:26.288"/>
</branch>
<status status="PASS" starttime="20230313 13:57:26.134" endtime="20230313 13:57:26.289"/>
</if>
<kw name="Read Model Name">
<var>${modelname}</var>
<arg>${headnumber}</arg>
<kw name="Is Element Visible" library="RPA.Browser.Selenium">
<var>${issmodelinfovisible}</var>
<arg>id:model-info</arg>
<doc>Is element visible</doc>
<msg timestamp="20230313 13:57:26.313" level="INFO" html="true">Ran with keyword &lt;b&gt;Element Should Be Visible&lt;/b&gt; which returned error: &lt;i&gt;Element with locator 'id:model-info' not found.&lt;/i&gt;</msg>
<msg timestamp="20230313 13:57:26.313" level="INFO">${issmodelinfovisible} = False</msg>
<status status="PASS" starttime="20230313 13:57:26.292" endtime="20230313 13:57:26.314"/>
</kw>
<if>
<branch type="IF" condition="$issmodelinfovisible is $false">
<kw name="Click Button" library="RPA.Browser.Selenium">
<arg>Show model info</arg>
<doc>Clicks the button identified by ``locator``.</doc>
<msg timestamp="20230313 13:57:26.317" level="INFO">Clicking button 'Show model info'.</msg>
<status status="PASS" starttime="20230313 13:57:26.316" endtime="20230313 13:57:26.489"/>
</kw>
<status status="PASS" starttime="20230313 13:57:26.316" endtime="20230313 13:57:26.490"/>
</branch>
<status status="PASS" starttime="20230313 13:57:26.315" endtime="20230313 13:57:26.490"/>
</if>
<kw name="Wait Until Element Is Visible" library="RPA.Browser.Selenium">
<arg>id:model-info</arg>
<arg>10</arg>
<doc>Waits until the element ``locator`` is visible.</doc>
<status status="PASS" starttime="20230313 13:57:26.491" endtime="20230313 13:57:26.560"/>
</kw>
<kw name="Convert To Integer" library="BuiltIn">
<var>${partnumberint}</var>
<arg>${partnumber}</arg>
<doc>Converts the given item to an integer number.</doc>
<msg timestamp="20230313 13:57:26.564" level="INFO">${partnumberint} = 6</msg>
<status status="PASS" starttime="20230313 13:57:26.562" endtime="20230313 13:57:26.564"/>
</kw>
<kw name="Set Variable" library="BuiltIn">
<var>${partnumberint}</var>
<arg>${${partnumberint}+1}</arg>
<doc>Returns the given values which can then be assigned to a variables.</doc>
<msg timestamp="20230313 13:57:26.571" level="INFO">${partnumberint} = 7</msg>
<status status="PASS" starttime="20230313 13:57:26.565" endtime="20230313 13:57:26.571"/>
</kw>
<kw name="Get Table Cell" library="RPA.Browser.Selenium">
<var>${modelname}</var>
<arg>id:model-info</arg>
<arg>${partnumberint}</arg>
<arg>1</arg>
<doc>Returns contents of a table cell.</doc>
<msg timestamp="20230313 13:57:26.749" level="INFO">${modelname} = Drillbit 2000</msg>
<status status="PASS" starttime="20230313 13:57:26.572" endtime="20230313 13:57:26.749"/>
</kw>
<return>
<value>${modelname}</value>
<status status="PASS" starttime="20230313 13:57:26.750" endtime="20230313 13:57:26.750"/>
</return>
<msg timestamp="20230313 13:57:26.751" level="INFO">${modelname} = Drillbit 2000</msg>
<status status="PASS" starttime="20230313 13:57:26.290" endtime="20230313 13:57:26.751"/>
</kw>
<kw name="Get List Items" library="RPA.Browser.Selenium">
<var>${headlist}</var>
<arg>id:head</arg>
<arg>${FALSE}</arg>
<doc>Returns all labels or values of selection list ``locator``.</doc>
<msg timestamp="20230313 13:57:27.115" level="INFO">${headlist} = ['-- Choose a head --', 'Roll-a-thor head', 'Peanut crusher head', 'D.A.V.E head', 'Andy Roid head', 'Spanner mate head', 'Drillbit 2000 head']</msg>
<status status="PASS" starttime="20230313 13:57:26.751" endtime="20230313 13:57:27.115"/>
</kw>
<kw name="Log List" library="Collections">
<arg>${headlist}</arg>
<doc>Logs the length and contents of the ``list`` using given ``level``.</doc>
<msg timestamp="20230313 13:57:27.117" level="INFO">List length is 7 and it contains following items:
0: -- Choose a head --
1: Roll-a-thor head
2: Peanut crusher head
3: D.A.V.E head
4: Andy Roid head
5: Spanner mate head
6: Drillbit 2000 head</msg>
<status status="PASS" starttime="20230313 13:57:27.116" endtime="20230313 13:57:27.118"/>
</kw>
<kw name="Select From List By Label" library="RPA.Browser.Selenium">
<arg>id:head</arg>
<arg>${modelname} head</arg>
<doc>Selects options from selection list ``locator`` by ``labels``.</doc>
<msg timestamp="20230313 13:57:27.120" level="INFO">Selecting options from selection list 'id:head' by label Drillbit 2000 head.</msg>
<status status="PASS" starttime="20230313 13:57:27.119" endtime="20230313 13:57:27.338"/>
</kw>
<kw name="Select Radio Button" library="RPA.Browser.Selenium">
<arg>body</arg>
<arg>${bodynumber}</arg>
<doc>Sets the radio button group ``group_name`` to ``value``.</doc>
<msg timestamp="20230313 13:57:27.344" level="INFO">Selecting '2' from radio button 'body'.</msg>
<status status="PASS" starttime="20230313 13:57:27.342" endtime="20230313 13:57:27.522"/>
</kw>
<kw name="Input Text" library="RPA.Browser.Selenium">
<arg>xpath://html/body/div/div/div[1]/div/div[1]/form/div[3]/input</arg>
<arg>${legsnumber}</arg>
<doc>Types the given ``text`` into the text field identified by ``locator``.</doc>
<msg timestamp="20230313 13:57:27.524" level="INFO">Typing text '3' into text field 'xpath://html/body/div/div/div[1]/div/div[1]/form/div[3]/input'.</msg>
<status status="PASS" starttime="20230313 13:57:27.523" endtime="20230313 13:57:27.758"/>
</kw>
<kw name="Input Text" library="RPA.Browser.Selenium">
<arg>id:address</arg>
<arg>${address}</arg>
<doc>Types the given ``text`` into the text field identified by ``locator``.</doc>
<msg timestamp="20230313 13:57:27.761" level="INFO">Typing text 'Address 789' into text field 'id:address'.</msg>
<status status="PASS" starttime="20230313 13:57:27.759" endtime="20230313 13:57:28.025"/>
</kw>
<kw name="Click Button" library="RPA.Browser.Selenium">
<arg>id:preview</arg>
<doc>Clicks the button identified by ``locator``.</doc>
<msg timestamp="20230313 13:57:28.027" level="INFO">Clicking button 'id:preview'.</msg>
<status status="PASS" starttime="20230313 13:57:28.026" endtime="20230313 13:57:28.224"/>
</kw>
<kw name="Wait Until Element Is Visible" library="RPA.Browser.Selenium">
<arg>id:robot-preview-image</arg>
<arg>5</arg>
<doc>Waits until the element ``locator`` is visible.</doc>
<status status="PASS" starttime="20230313 13:57:28.226" endtime="20230313 13:57:28.293"/>
</kw>
<kw name="Set Variable" library="BuiltIn">
<var>${counter}</var>
<arg>0</arg>
<doc>Returns the given values which can then be assigned to a variables.</doc>
<msg timestamp="20230313 13:57:28.295" level="INFO">${counter} = 0</msg>
<status status="PASS" starttime="20230313 13:57:28.294" endtime="20230313 13:57:28.295"/>
</kw>
<kw name="Convert To Integer" library="BuiltIn">
<var>${counterint}</var>
<arg>${counter}</arg>
<doc>Converts the given item to an integer number.</doc>
<msg timestamp="20230313 13:57:28.298" level="INFO">${counterint} = 0</msg>
<status status="PASS" starttime="20230313 13:57:28.296" endtime="20230313 13:57:28.298"/>
</kw>
<while condition="$counterint &lt; 5">
<iter>
<kw name="Set Variable" library="BuiltIn">
<var>${counterint}</var>
<arg>${${counterint}+1}</arg>
<doc>Returns the given values which can then be assigned to a variables.</doc>
<msg timestamp="20230313 13:57:28.305" level="INFO">${counterint} = 1</msg>
<status status="PASS" starttime="20230313 13:57:28.302" endtime="20230313 13:57:28.306"/>
</kw>
<kw name="Click Button" library="RPA.Browser.Selenium">
[...]
<msg timestamp="20230313 13:59:59.349" level="INFO">Closed glyph list over 'glyf': 18 glyphs after</msg>
<msg timestamp="20230313 13:59:59.349" level="INFO">Glyph names: ['.notdef', '.null', 'uni0020', 'uni0030', 'uni0031', 'uni0032', 'uni0033', 'uni0034', 'uni0035', 'uni0036', 'uni0037', 'uni0038', 'uni0039', 'uni0062', 'uni006E', 'uni007B', 'uni007D', 'uni00A0']</msg>
<msg timestamp="20230313 13:59:59.350" level="INFO">Glyph IDs:   [0, 1, 2, 3, 544, 727, 1256, 1257, 1258, 1260, 1261, 1262, 1264, 1265, 1266, 1267, 1307, 1308]</msg>
<msg timestamp="20230313 13:59:59.350" level="INFO">Retaining 18 glyphs</msg>
<msg timestamp="20230313 13:59:59.351" level="INFO">head subsetting not needed</msg>
<msg timestamp="20230313 13:59:59.351" level="INFO">hhea subsetting not needed</msg>
<msg timestamp="20230313 13:59:59.352" level="INFO">maxp subsetting not needed</msg>
<msg timestamp="20230313 13:59:59.352" level="INFO">OS/2 subsetting not needed</msg>
<msg timestamp="20230313 13:59:59.357" level="INFO">hmtx subsetted</msg>
<msg timestamp="20230313 13:59:59.361" level="INFO">cmap subsetted</msg>
<msg timestamp="20230313 13:59:59.362" level="INFO">loca subsetting not needed</msg>
<msg timestamp="20230313 13:59:59.362" level="INFO">post subsetted</msg>
<msg timestamp="20230313 13:59:59.363" level="INFO">name subsetting not needed</msg>
<msg timestamp="20230313 13:59:59.366" level="INFO">glyf subsetted</msg>
<msg timestamp="20230313 13:59:59.368" level="INFO">head pruned</msg>
<msg timestamp="20230313 13:59:59.369" level="INFO">OS/2 Unicode ranges pruned: [0]</msg>
<msg timestamp="20230313 13:59:59.372" level="INFO">glyf pruned</msg>
<status status="PASS" starttime="20230313 13:59:58.329" endtime="20230313 13:59:59.431"/>
</kw>
<kw name="Create List" library="BuiltIn">
<var>${files}</var>
<arg>${screenshotfilepath}</arg>
<doc>Returns a list containing given items.</doc>
<msg timestamp="20230313 13:59:59.433" level="INFO">${files} = ['C:/Users/ArttuMalmivirta/OneDrive - Digital Workforce/Robocorp/robotorder/output//testi.png']</msg>
<status status="PASS" starttime="20230313 13:59:59.432" endtime="20230313 13:59:59.433"/>
</kw>
<kw name="Add Files To Pdf" library="RPA.PDF">
<arg>${files}</arg>
<arg>${pdffilepath}</arg>
<arg>${TRUE}</arg>
<doc>Add images and/or pdfs to new PDF document</doc>
<msg timestamp="20230313 13:59:59.522" level="INFO">Adding page: 0</msg>
<msg timestamp="20230313 13:59:59.532" level="WARN">Object 7 0 found</msg>
<msg timestamp="20230313 13:59:59.533" level="WARN">Overwriting cache for 0 7</msg>
<msg timestamp="20230313 13:59:59.541" level="WARN">Object 14 0 found</msg>
<msg timestamp="20230313 13:59:59.542" level="WARN">Overwriting cache for 0 14</msg>
<msg timestamp="20230313 13:59:59.551" level="WARN">Object 21 0 found</msg>
<msg timestamp="20230313 13:59:59.552" level="WARN">Overwriting cache for 0 21</msg>
<msg timestamp="20230313 13:59:59.561" level="WARN">Object 28 0 found</msg>
<msg timestamp="20230313 13:59:59.562" level="WARN">Overwriting cache for 0 28</msg>
<msg timestamp="20230313 13:59:59.564" level="INFO">File C:\Users\ArttuMalmivirta\OneDrive - Digital Workforce\Robocorp\robotorder\output\testi.png type: png</msg>
<msg timestamp="20230313 13:59:59.564" level="INFO">Image parameters: {}</msg>
<status status="PASS" starttime="20230313 13:59:59.434" endtime="20230313 13:59:59.718"/>
</kw>
<kw name="Sleep" library="BuiltIn">
<arg>1</arg>
<doc>Pauses the test executed for the given time.</doc>
<msg timestamp="20230313 14:00:00.729" level="INFO">Slept 1 second</msg>
<status status="PASS" starttime="20230313 13:59:59.720" endtime="20230313 14:00:00.729"/>
</kw>
<kw name="Does File Exist" library="RPA.FileSystem">
<var>${exists}</var>
<arg>${pdffilepath}</arg>
<doc>Returns True if the given file exists, False if not.</doc>
<msg timestamp="20230313 14:00:00.735" level="INFO">${exists} = True</msg>
<status status="PASS" starttime="20230313 14:00:00.730" endtime="20230313 14:00:00.735"/>
</kw>
<status status="PASS" starttime="20230313 13:59:58.286" endtime="20230313 14:00:00.736"/>
</branch>
<status status="PASS" starttime="20230313 13:59:58.285" endtime="20230313 14:00:00.737"/>
</if>
<status status="PASS" starttime="20230313 13:59:56.803" endtime="20230313 14:00:00.737"/>
</kw>
<kw name="Click Button" library="RPA.Browser.Selenium">
<arg>id:order-another</arg>
<doc>Clicks the button identified by ``locator``.</doc>
<msg timestamp="20230313 14:00:00.740" level="INFO">Clicking button 'id:order-another'.</msg>
<status status="PASS" starttime="20230313 14:00:00.738" endtime="20230313 14:00:01.028"/>
</kw>
<status status="PASS" starttime="20230313 13:59:53.066" endtime="20230313 14:00:01.028"/>
</iter>
<status status="PASS" starttime="20230313 13:57:07.633" endtime="20230313 14:00:01.028"/>
</for>
<status status="PASS" starttime="20230313 13:57:06.393" endtime="20230313 14:00:01.029"/>
</kw>
<kw name="Archive Folder With Zip" library="RPA.Archive">
<arg>${pdffolder}</arg>
<arg>${zippath}</arg>
<arg>${FALSE}</arg>
<doc>Create a zip archive of a folder</doc>
<status status="PASS" starttime="20230313 14:00:01.029" endtime="20230313 14:00:01.182"/>
</kw>
<kw name="Move File" library="RPA.FileSystem">
<arg>${zippath}</arg>
<arg>${outputfolder}zippedpdfs.zip</arg>
<arg>${TRUE}</arg>
<doc>Move a file from source path to destination path,
optionally overwriting the destination.</doc>
<msg timestamp="20230313 14:00:01.189" level="INFO">Moved file: C:\Users\ArttuMalmivirta\OneDrive - Digital Workforce\Robocorp\robotorder\zippedpdfs.zip -&gt; C:\Users\ArttuMalmivirta\OneDrive - Digital Workforce\Robocorp\robotorder\output\zippedpdfs.zip</msg>
<status status="PASS" starttime="20230313 14:00:01.183" endtime="20230313 14:00:01.190"/>
</kw>
<kw name="Close Browser" type="TEARDOWN">
<kw name="Close Browser" library="RPA.Browser.Selenium">
<doc>Closes the current browser.</doc>
<status status="PASS" starttime="20230313 14:00:01.193" endtime="20230313 14:00:03.462"/>
</kw>
<status status="PASS" starttime="20230313 14:00:01.191" endtime="20230313 14:00:03.463"/>
</kw>
<status status="PASS" starttime="20230313 13:56:55.076" endtime="20230313 14:00:03.464"/>
</test>
<status status="PASS" starttime="20230313 13:56:39.073" endtime="20230313 14:00:03.467"/>
</suite>
<status status="PASS" starttime="20230313 13:56:38.980" endtime="20230313 14:00:03.473"/>
</suite>
<statistics>
<total>
<stat pass="1" fail="0" skip="0">All Tasks</stat>
</total>
<tag>
</tag>
<suite>
<stat pass="1" fail="0" skip="0" id="s1" name="Robotorder">Robotorder</stat>
<stat pass="1" fail="0" skip="0" id="s1-s1" name="Tasks">Robotorder.Tasks</stat>
</suite>
</statistics>
<errors>
<msg timestamp="20230313 13:56:55.074" level="WARN">No input work items file found: None</msg>
<msg timestamp="20230313 13:57:13.731" level="WARN">Object 7 0 found</msg>
<msg timestamp="20230313 13:57:13.732" level="WARN">Overwriting cache for 0 7</msg>
<msg timestamp="20230313 13:57:13.737" level="WARN">Object 14 0 found</msg>
<msg timestamp="20230313 13:57:13.737" level="WARN">Overwriting cache for 0 14</msg>
<msg timestamp="20230313 13:57:13.742" level="WARN">Object 21 0 found</msg>
<msg timestamp="20230313 13:57:13.743" level="WARN">Overwriting cache for 0 21</msg>
<msg timestamp="20230313 13:57:13.748" level="WARN">Object 28 0 found</msg>
<msg timestamp="20230313 13:57:13.749" level="WARN">Overwriting cache for 0 28</msg>
<msg timestamp="20230313 13:57:24.267" level="WARN">Object 7 0 found</msg>
<msg timestamp="20230313 13:57:24.269" level="WARN">Overwriting cache for 0 7</msg>
<msg timestamp="20230313 13:57:24.278" level="WARN">Object 14 0 found</msg>
<msg timestamp="20230313 13:57:24.279" level="WARN">Overwriting cache for 0 14</msg>
<msg timestamp="20230313 13:57:24.288" level="WARN">Object 21 0 found</msg>
<msg timestamp="20230313 13:57:24.289" level="WARN">Overwriting cache for 0 21</msg>
<msg timestamp="20230313 13:57:24.296" level="WARN">Object 28 0 found</msg>
<msg timestamp="20230313 13:57:24.297" level="WARN">Overwriting cache for 0 28</msg>
<msg timestamp="20230313 13:57:33.450" level="WARN">Object 7 0 found</msg>
<msg timestamp="20230313 13:57:33.451" level="WARN">Overwriting cache for 0 7</msg>
<msg timestamp="20230313 13:57:33.456" level="WARN">Object 14 0 found</msg>
<msg timestamp="20230313 13:57:33.457" level="WARN">Overwriting cache for 0 14</msg>
<msg timestamp="20230313 13:57:33.462" level="WARN">Object 21 0 found</msg>
<msg timestamp="20230313 13:57:33.463" level="WARN">Overwriting cache for 0 21</msg>
<msg timestamp="20230313 13:57:33.472" level="WARN">Object 28 0 found</msg>
<msg timestamp="20230313 13:57:33.474" level="WARN">Overwriting cache for 0 28</msg>
<msg timestamp="20230313 13:57:42.080" level="WARN">Object 7 0 found</msg>
<msg timestamp="20230313 13:57:42.082" level="WARN">Overwriting cache for 0 7</msg>
<msg timestamp="20230313 13:57:42.086" level="WARN">Object 14 0 found</msg>
<msg timestamp="20230313 13:57:42.087" level="WARN">Overwriting cache for 0 14</msg>
<msg timestamp="20230313 13:57:42.091" level="WARN">Object 21 0 found</msg>
<msg timestamp="20230313 13:57:42.092" level="WARN">Overwriting cache for 0 21</msg>
<msg timestamp="20230313 13:57:42.101" level="WARN">Object 28 0 found</msg>
<msg timestamp="20230313 13:57:42.102" level="WARN">Overwriting cache for 0 28</msg>
<msg timestamp="20230313 13:57:49.933" level="WARN">Object 7 0 found</msg>
<msg timestamp="20230313 13:57:49.934" level="WARN">Overwriting cache for 0 7</msg>
<msg timestamp="20230313 13:57:49.939" level="WARN">Object 14 0 found</msg>
<msg timestamp="20230313 13:57:49.940" level="WARN">Overwriting cache for 0 14</msg>
<msg timestamp="20230313 13:57:49.947" level="WARN">Object 21 0 found</msg>
<msg timestamp="20230313 13:57:49.948" level="WARN">Overwriting cache for 0 21</msg>
<msg timestamp="20230313 13:57:49.957" level="WARN">Object 28 0 found</msg>
<msg timestamp="20230313 13:57:49.958" level="WARN">Overwriting cache for 0 28</msg>
<msg timestamp="20230313 13:57:57.480" level="WARN">Object 7 0 found</msg>
<msg timestamp="20230313 13:57:57.481" level="WARN">Overwriting cache for 0 7</msg>
<msg timestamp="20230313 13:57:57.489" level="WARN">Object 14 0 found</msg>
<msg timestamp="20230313 13:57:57.492" level="WARN">Overwriting cache for 0 14</msg>
<msg timestamp="20230313 13:57:57.499" level="WARN">Object 21 0 found</msg>
<msg timestamp="20230313 13:57:57.500" level="WARN">Overwriting cache for 0 21</msg>
<msg timestamp="20230313 13:57:57.507" level="WARN">Object 28 0 found</msg>
<msg timestamp="20230313 13:57:57.508" level="WARN">Overwriting cache for 0 28</msg>
<msg timestamp="20230313 13:58:05.435" level="WARN">Object 7 0 found</msg>
<msg timestamp="20230313 13:58:05.436" level="WARN">Overwriting cache for 0 7</msg>
<msg timestamp="20230313 13:58:05.443" level="WARN">Object 14 0 found</msg>
<msg timestamp="20230313 13:58:05.444" level="WARN">Overwriting cache for 0 14</msg>
<msg timestamp="20230313 13:58:05.450" level="WARN">Object 21 0 found</msg>
<msg timestamp="20230313 13:58:05.451" level="WARN">Overwriting cache for 0 21</msg>
<msg timestamp="20230313 13:58:05.457" level="WARN">Object 28 0 found</msg>
<msg timestamp="20230313 13:58:05.458" level="WARN">Overwriting cache for 0 28</msg>
<msg timestamp="20230313 13:58:13.378" level="WARN">Object 7 0 found</msg>
<msg timestamp="20230313 13:58:13.379" level="WARN">Overwriting cache for 0 7</msg>
<msg timestamp="20230313 13:58:13.385" level="WARN">Object 14 0 found</msg>
<msg timestamp="20230313 13:58:13.386" level="WARN">Overwriting cache for 0 14</msg>
<msg timestamp="20230313 13:58:13.393" level="WARN">Object 21 0 found</msg>
<msg timestamp="20230313 13:58:13.394" level="WARN">Overwriting cache for 0 21</msg>
<msg timestamp="20230313 13:58:13.401" level="WARN">Object 28 0 found</msg>
<msg timestamp="20230313 13:58:13.402" level="WARN">Overwriting cache for 0 28</msg>
<msg timestamp="20230313 13:58:21.198" level="WARN">Object 7 0 found</msg>
<msg timestamp="20230313 13:58:21.200" level="WARN">Overwriting cache for 0 7</msg>
<msg timestamp="20230313 13:58:21.209" level="WARN">Object 14 0 found</msg>
<msg timestamp="20230313 13:58:21.210" level="WARN">Overwriting cache for 0 14</msg>
<msg timestamp="20230313 13:58:21.218" level="WARN">Object 21 0 found</msg>
<msg timestamp="20230313 13:58:21.220" level="WARN">Overwriting cache for 0 21</msg>
<msg timestamp="20230313 13:58:21.230" level="WARN">Object 28 0 found</msg>
<msg timestamp="20230313 13:58:21.232" level="WARN">Overwriting cache for 0 28</msg>
<msg timestamp="20230313 13:58:29.100" level="WARN">Object 7 0 found</msg>
<msg timestamp="20230313 13:58:29.101" level="WARN">Overwriting cache for 0 7</msg>
<msg timestamp="20230313 13:58:29.109" level="WARN">Object 14 0 found</msg>
<msg timestamp="20230313 13:58:29.110" level="WARN">Overwriting cache for 0 14</msg>
<msg timestamp="20230313 13:58:29.118" level="WARN">Object 21 0 found</msg>
<msg timestamp="20230313 13:58:29.118" level="WARN">Overwriting cache for 0 21</msg>
<msg timestamp="20230313 13:58:29.126" level="WARN">Object 28 0 found</msg>
<msg timestamp="20230313 13:58:29.127" level="WARN">Overwriting cache for 0 28</msg>
<msg timestamp="20230313 13:58:37.145" level="WARN">Object 7 0 found</msg>
<msg timestamp="20230313 13:58:37.146" level="WARN">Overwriting cache for 0 7</msg>
<msg timestamp="20230313 13:58:37.150" level="WARN">Object 14 0 found</msg>
<msg timestamp="20230313 13:58:37.151" level="WARN">Overwriting cache for 0 14</msg>
<msg timestamp="20230313 13:58:37.156" level="WARN">Object 21 0 found</msg>
<msg timestamp="20230313 13:58:37.156" level="WARN">Overwriting cache for 0 21</msg>
<msg timestamp="20230313 13:58:37.162" level="WARN">Object 28 0 found</msg>
<msg timestamp="20230313 13:58:37.164" level="WARN">Overwriting cache for 0 28</msg>
<msg timestamp="20230313 13:58:47.391" level="WARN">Object 7 0 found</msg>
<msg timestamp="20230313 13:58:47.392" level="WARN">Overwriting cache for 0 7</msg>
<msg timestamp="20230313 13:58:47.398" level="WARN">Object 14 0 found</msg>
<msg timestamp="20230313 13:58:47.398" level="WARN">Overwriting cache for 0 14</msg>
<msg timestamp="20230313 13:58:47.403" level="WARN">Object 21 0 found</msg>
<msg timestamp="20230313 13:58:47.404" level="WARN">Overwriting cache for 0 21</msg>
<msg timestamp="20230313 13:58:47.411" level="WARN">Object 28 0 found</msg>
<msg timestamp="20230313 13:58:47.412" level="WARN">Overwriting cache for 0 28</msg>
<msg timestamp="20230313 13:58:55.415" level="WARN">Object 7 0 found</msg>
<msg timestamp="20230313 13:58:55.416" level="WARN">Overwriting cache for 0 7</msg>
<msg timestamp="20230313 13:58:55.424" level="WARN">Object 14 0 found</msg>
<msg timestamp="20230313 13:58:55.425" level="WARN">Overwriting cache for 0 14</msg>
<msg timestamp="20230313 13:58:55.432" level="WARN">Object 21 0 found</msg>
<msg timestamp="20230313 13:58:55.434" level="WARN">Overwriting cache for 0 21</msg>
<msg timestamp="20230313 13:58:55.464" level="WARN">Object 28 0 found</msg>
<msg timestamp="20230313 13:58:55.466" level="WARN">Overwriting cache for 0 28</msg>
<msg timestamp="20230313 13:59:05.490" level="WARN">Object 7 0 found</msg>
<msg timestamp="20230313 13:59:05.491" level="WARN">Overwriting cache for 0 7</msg>
<msg timestamp="20230313 13:59:05.498" level="WARN">Object 14 0 found</msg>
<msg timestamp="20230313 13:59:05.499" level="WARN">Overwriting cache for 0 14</msg>
<msg timestamp="20230313 13:59:05.504" level="WARN">Object 21 0 found</msg>
<msg timestamp="20230313 13:59:05.505" level="WARN">Overwriting cache for 0 21</msg>
<msg timestamp="20230313 13:59:05.510" level="WARN">Object 28 0 found</msg>
<msg timestamp="20230313 13:59:05.511" level="WARN">Overwriting cache for 0 28</msg>
<msg timestamp="20230313 13:59:15.623" level="WARN">Object 7 0 found</msg>
<msg timestamp="20230313 13:59:15.625" level="WARN">Overwriting cache for 0 7</msg>
<msg timestamp="20230313 13:59:15.634" level="WARN">Object 14 0 found</msg>
<msg timestamp="20230313 13:59:15.635" level="WARN">Overwriting cache for 0 14</msg>
<msg timestamp="20230313 13:59:15.644" level="WARN">Object 21 0 found</msg>
<msg timestamp="20230313 13:59:15.645" level="WARN">Overwriting cache for 0 21</msg>
<msg timestamp="20230313 13:59:15.655" level="WARN">Object 28 0 found</msg>
<msg timestamp="20230313 13:59:15.656" level="WARN">Overwriting cache for 0 28</msg>
<msg timestamp="20230313 13:59:25.858" level="WARN">Object 7 0 found</msg>
<msg timestamp="20230313 13:59:25.859" level="WARN">Overwriting cache for 0 7</msg>
<msg timestamp="20230313 13:59:25.867" level="WARN">Object 14 0 found</msg>
<msg timestamp="20230313 13:59:25.868" level="WARN">Overwriting cache for 0 14</msg>
<msg timestamp="20230313 13:59:25.876" level="WARN">Object 21 0 found</msg>
<msg timestamp="20230313 13:59:25.877" level="WARN">Overwriting cache for 0 21</msg>
<msg timestamp="20230313 13:59:25.886" level="WARN">Object 28 0 found</msg>
<msg timestamp="20230313 13:59:25.887" level="WARN">Overwriting cache for 0 28</msg>
<msg timestamp="20230313 13:59:35.968" level="WARN">Object 7 0 found</msg>
<msg timestamp="20230313 13:59:35.969" level="WARN">Overwriting cache for 0 7</msg>
<msg timestamp="20230313 13:59:35.974" level="WARN">Object 14 0 found</msg>
<msg timestamp="20230313 13:59:35.974" level="WARN">Overwriting cache for 0 14</msg>
<msg timestamp="20230313 13:59:35.979" level="WARN">Object 21 0 found</msg>
<msg timestamp="20230313 13:59:35.980" level="WARN">Overwriting cache for 0 21</msg>
<msg timestamp="20230313 13:59:35.986" level="WARN">Object 28 0 found</msg>
<msg timestamp="20230313 13:59:35.987" level="WARN">Overwriting cache for 0 28</msg>
<msg timestamp="20230313 13:59:43.958" level="WARN">Object 7 0 found</msg>
<msg timestamp="20230313 13:59:43.959" level="WARN">Overwriting cache for 0 7</msg>
<msg timestamp="20230313 13:59:43.964" level="WARN">Object 14 0 found</msg>
<msg timestamp="20230313 13:59:43.964" level="WARN">Overwriting cache for 0 14</msg>
<msg timestamp="20230313 13:59:43.969" level="WARN">Object 21 0 found</msg>
<msg timestamp="20230313 13:59:43.971" level="WARN">Overwriting cache for 0 21</msg>
<msg timestamp="20230313 13:59:43.974" level="WARN">Object 28 0 found</msg>
<msg timestamp="20230313 13:59:43.975" level="WARN">Overwriting cache for 0 28</msg>
<msg timestamp="20230313 13:59:51.684" level="WARN">Object 7 0 found</msg>
<msg timestamp="20230313 13:59:51.685" level="WARN">Overwriting cache for 0 7</msg>
<msg timestamp="20230313 13:59:51.690" level="WARN">Object 14 0 found</msg>
<msg timestamp="20230313 13:59:51.691" level="WARN">Overwriting cache for 0 14</msg>
<msg timestamp="20230313 13:59:51.697" level="WARN">Object 21 0 found</msg>
<msg timestamp="20230313 13:59:51.698" level="WARN">Overwriting cache for 0 21</msg>
<msg timestamp="20230313 13:59:51.704" level="WARN">Object 28 0 found</msg>
<msg timestamp="20230313 13:59:51.705" level="WARN">Overwriting cache for 0 28</msg>
<msg timestamp="20230313 13:59:59.532" level="WARN">Object 7 0 found</msg>
<msg timestamp="20230313 13:59:59.533" level="WARN">Overwriting cache for 0 7</msg>
<msg timestamp="20230313 13:59:59.541" level="WARN">Object 14 0 found</msg>
<msg timestamp="20230313 13:59:59.542" level="WARN">Overwriting cache for 0 14</msg>
<msg timestamp="20230313 13:59:59.551" level="WARN">Object 21 0 found</msg>
<msg timestamp="20230313 13:59:59.552" level="WARN">Overwriting cache for 0 21</msg>
<msg timestamp="20230313 13:59:59.561" level="WARN">Object 28 0 found</msg>
<msg timestamp="20230313 13:59:59.562" level="WARN">Overwriting cache for 0 28</msg>
</errors>
</robot>
